#
# A fatal error has been detected by the Java Runtime Environment:
#
#  EXCEPTION_ACCESS_VIOLATION (0xc0000005) at pc=0x00007ffa02ff65b4, pid=8492, tid=12212
#
# JRE version: OpenJDK Runtime Environment (11.0.8+10) (build 11.0.8+10-b944.6842174)
# Java VM: OpenJDK 64-Bit Server VM (11.0.8+10-b944.6842174, mixed mode, tiered, compressed oops, g1 gc, windows-amd64)
# Problematic frame:
# V  [jvm.dll+0x4e65b4]
#
# No core dump will be written. Minidumps are not enabled by default on client versions of Windows
#
# If you would like to submit a bug report, please visit:
#   https://bugreport.java.com/bugreport/crash.jsp
#

---------------  S U M M A R Y ------------

Command Line: --add-opens=java.base/java.util=ALL-UNNAMED --add-opens=java.base/java.lang=ALL-UNNAMED --add-opens=java.base/java.lang.invoke=ALL-UNNAMED --add-opens=java.prefs/java.util.prefs=ALL-UNNAMED -Xmx1536m -Dfile.encoding=windows-1252 -Duser.country=CN -Duser.language=zh -Duser.variant org.gradle.launcher.daemon.bootstrap.GradleDaemon 5.1.1

Host: Intel(R) Core(TM) i7-1065G7 CPU @ 1.30GHz, 8 cores, 15G,  Windows 10 , 64 bit Build 19041 (10.0.19041.1023)
Time: Fri Jul 16 17:28:22 2021 中国标准时间 elapsed time: 1071 seconds (0d 0h 17m 51s)

---------------  T H R E A D  ---------------

Current thread (0x00000184a52f9000):  JavaThread "C2 CompilerThread0" daemon [_thread_in_native, id=12212, stack(0x0000001814b00000,0x0000001814c00000)]


Current CompileTask:
C2:1071140 32122       4       com.sun.org.apache.xerces.internal.dom.NamedNodeMapImpl::getNamedItemNS (29 bytes)

Stack: [0x0000001814b00000,0x0000001814c00000],  sp=0x0000001814bfbbf0,  free space=1006k
Native frames: (J=compiled Java code, j=interpreted, Vv=VM code, C=native code)
V  [jvm.dll+0x4e65b4]
V  [jvm.dll+0x193ed1]
V  [jvm.dll+0x1f780e]
V  [jvm.dll+0x1f68d4]
V  [jvm.dll+0x17f32c]
V  [jvm.dll+0x205047]
V  [jvm.dll+0x203891]
V  [jvm.dll+0x6dad3f]
V  [jvm.dll+0x6d3895]
V  [jvm.dll+0x5dd4a6]
C  [ucrtbase.dll+0x21bb2]
C  [KERNEL32.DLL+0x17034]
C  [ntdll.dll+0x52651]


siginfo: EXCEPTION_ACCESS_VIOLATION (0xc0000005), reading address 0x0000000000000018


Register to memory mapping:

RIP=0x00007ffa02ff65b4 jvm.dll
RAX=0x0 is NULL
RBX=0x0000001814bfbde0 is pointing into the stack for thread: 0x00000184a52f9000
RCX=0x0000000000000081 is an unknown value
RDX=0x0000000000000008 is an unknown value
RSP=0x0000001814bfbbf0 is pointing into the stack for thread: 0x00000184a52f9000
RBP=0x0000000000000008 is an unknown value
RSI=0x0000000000000001 is an unknown value
RDI=0x00000000a7efa92f is an unallocated location in the heap
R8 =0x0000001814bfbc40 is pointing into the stack for thread: 0x00000184a52f9000
R9 =0x0000001814bfbb70 is pointing into the stack for thread: 0x00000184a52f9000
R10=0x0000000000000003 is an unknown value
R11=0x0000000000000080 is an unknown value
R12=0x00000000a7efa930 is an unallocated location in the heap
R13=0x00000184a7efa8a0 points into unknown readable memory: c8 77 2e 03 fa 7f 00 00
R14=0x00000184a7ef8b60 points into unknown readable memory: c8 77 2e 03 fa 7f 00 00
R15=0x00000184aae684a0 points into unknown readable memory: 08 00 00 00 fa 7f 00 00


Registers:
RAX=0x0000000000000000, RBX=0x0000001814bfbde0, RCX=0x0000000000000081, RDX=0x0000000000000008
RSP=0x0000001814bfbbf0, RBP=0x0000000000000008, RSI=0x0000000000000001, RDI=0x00000000a7efa92f
R8 =0x0000001814bfbc40, R9 =0x0000001814bfbb70, R10=0x0000000000000003, R11=0x0000000000000080
R12=0x00000000a7efa930, R13=0x00000184a7efa8a0, R14=0x00000184a7ef8b60, R15=0x00000184aae684a0
RIP=0x00007ffa02ff65b4, EFLAGS=0x0000000000010246

Top of Stack: (sp=0x0000001814bfbbf0)
0x0000001814bfbbf0:   0000001814bfbde0 00000184a7ef8b60
0x0000001814bfbc00:   0000000000000001 0000001814bfbc40
0x0000001814bfbc10:   00000184a52a7ff8 00000184a52f8110
0x0000001814bfbc20:   00000184a9a86fb0 00000184a9a8d9d0
0x0000001814bfbc30:   0000000000056040 00000184a9a8ef98
0x0000001814bfbc40:   00007ffa0336cb68 00000184a52f8110
0x0000001814bfbc50:   0000000000000004 00000184aae68cc0
0x0000001814bfbc60:   0000001814bfbd70 00000184b2c4feb0
0x0000001814bfbc70:   00000184b2c4fec0 0000000000000008
0x0000001814bfbc80:   00000000000003d8 0000000000000000
0x0000001814bfbc90:   0000001814bfc1f8 0000001814bfbdb0
0x0000001814bfbca0:   0000001814bfc110 00007ffa02ca3ed1
0x0000001814bfbcb0:   0000001800000001 0000001800000001
0x0000001814bfbcc0:   000000180000004a 00000184b6b98140
0x0000001814bfbcd0:   0000001814bfbd00 00007ffa03083dca
0x0000001814bfbce0:   00007ffa00000006 00000184b2c4feb0 

Instructions: (pc=0x00007ffa02ff65b4)
0x00007ffa02ff64b4:   e8 47 ef e6 ff 4c 8b 94 24 d8 00 00 00 4c 8d 1d
0x00007ffa02ff64c4:   d0 f4 4f 00 4c 8b c8 48 c1 ee 05 8b cf 83 e6 07
0x00007ffa02ff64d4:   83 e1 1f 41 b8 01 00 00 00 41 d3 e0 41 8b 14 b1
0x00007ffa02ff64e4:   8b c2 41 0b c0 41 89 04 b1 41 85 d0 75 03 41 ff
0x00007ffa02ff64f4:   02 49 8b 47 08 48 8b d7 48 c1 ea 08 4c 8b cf 49
0x00007ffa02ff6504:   c1 e9 05 83 e7 1f 41 83 e1 07 40 0f b6 cf 4c 8b
0x00007ffa02ff6514:   04 d0 ba 01 00 00 00 d3 e2 8b c2 f7 d0 43 8b 0c
0x00007ffa02ff6524:   88 23 c1 43 89 04 88 85 ca 74 03 41 ff 0f 85 ed
0x00007ffa02ff6534:   0f 85 39 ff ff ff 49 8b cd be 01 00 00 00 e8 d9
0x00007ffa02ff6544:   6c c2 ff 3b c6 0f 86 a8 00 00 00 90 41 83 7d 18
0x00007ffa02ff6554:   00 76 09 49 8b 45 20 48 8b 08 eb 02 33 c9 8b c6
0x00007ffa02ff6564:   4c 8d 4c 24 50 48 8d 2c c5 00 00 00 00 4d 8b c7
0x00007ffa02ff6574:   48 8b 41 08 48 8b 0c 28 48 8b 43 40 8b 51 28 48
0x00007ffa02ff6584:   8b 48 78 4c 8b 34 d1 48 8b cb 49 8b d6 e8 ca f7
0x00007ffa02ff6594:   ff ff 41 8b fc 45 85 e4 74 47 66 90 ff cf 41 3b
0x00007ffa02ff65a4:   7d 18 73 0a 49 8b 45 20 48 8b 04 f8 eb 02 33 c0
0x00007ffa02ff65b4:   3b 70 18 73 28 48 8b 40 08 4c 8d 4c 24 50 48 8b
0x00007ffa02ff65c4:   0c 28 48 8b 43 48 48 63 51 28 48 8b 48 18 44 8b
0x00007ffa02ff65d4:   04 91 49 8b d6 48 8b cb e8 6f f6 ff ff 85 ff 75
0x00007ffa02ff65e4:   bb 49 8b cd ff c6 e8 31 6c c2 ff 3b f0 0f 82 59
0x00007ffa02ff65f4:   ff ff ff 41 8b 4d 4c 48 8b 43 28 ff c9 80 7b 60
0x00007ffa02ff6604:   00 48 8b 3c c8 74 0e 4c 8b c7 49 8b d5 48 8b cb
0x00007ffa02ff6614:   e8 17 f5 ff ff 48 8b 43 30 48 89 87 98 00 00 00
0x00007ffa02ff6624:   48 8b 43 28 48 89 7b 30 41 8b 4d 4c ff c9 48 c7
0x00007ffa02ff6634:   04 c8 00 00 00 00 45 8b 45 4c 41 8b c0 c1 e8 05
0x00007ffa02ff6644:   3b 44 24 60 72 12 48 8b 44 24 50 48 8d 4c 24 50
0x00007ffa02ff6654:   41 8b d0 ff 50 18 eb 1c 8b c8 41 83 e0 1f 48 8b
0x00007ffa02ff6664:   44 24 68 48 8d 14 88 b8 01 00 00 00 41 0f b6 c8
0x00007ffa02ff6674:   d3 e0 09 02 48 8b 43 38 83 78 18 00 0f 84 22 01
0x00007ffa02ff6684:   00 00 4c 8b 74 24 20 0f 1f 44 00 00 48 8b 43 38
0x00007ffa02ff6694:   ff 48 18 8b 48 18 48 8b 40 10 48 8b 3c c8 48 8b
0x00007ffa02ff66a4:   43 28 8b 4f 4c ff c9 48 8b 34 c8 48 85 f6 75 4a 


Stack slot to memory mapping:
stack at sp + 0 slots: 0x0000001814bfbde0 is pointing into the stack for thread: 0x00000184a52f9000
stack at sp + 1 slots: 0x00000184a7ef8b60 points into unknown readable memory: c8 77 2e 03 fa 7f 00 00
stack at sp + 2 slots: 0x0000000000000001 is an unknown value
stack at sp + 3 slots: 0x0000001814bfbc40 is pointing into the stack for thread: 0x00000184a52f9000
stack at sp + 4 slots: 0x00000184a52a7ff8 points into unknown readable memory: 00 90 2f a5 84 01 00 00
stack at sp + 5 slots: 0x00000184a52f8110 points into unknown readable memory: 06 00 00 00 00 03 9c 00
stack at sp + 6 slots: 0x00000184a9a86fb0 points into unknown readable memory: 90 30 b9 b6 84 01 00 00
stack at sp + 7 slots: 0x00000184a9a8d9d0 points into unknown readable memory: 00 00 00 00 00 00 00 00


---------------  P R O C E S S  ---------------

Threads class SMR info:
_java_thread_list=0x00000184aa8cba70, length=52, elements={
0x000001848ba3e000, 0x00000184a5275800, 0x00000184a5276000, 0x00000184a52f5000,
0x00000184a52f6000, 0x00000184a52f9000, 0x00000184a52fc800, 0x00000184a5309800,
0x00000184a5476800, 0x00000184a5480000, 0x00000184a6156000, 0x00000184a6fa6000,
0x00000184a6a7c000, 0x00000184a7295800, 0x00000184a7297000, 0x00000184a7297800,
0x00000184a797b000, 0x00000184acb31800, 0x00000184acb34000, 0x00000184acb35800,
0x00000184acb35000, 0x00000184ae6e6000, 0x00000184a7fbb800, 0x00000184a7fc0800,
0x00000184a7971000, 0x00000184a7972000, 0x00000184a7973000, 0x00000184a796d000,
0x00000184a7973800, 0x00000184a796e000, 0x00000184a7977000, 0x00000184a7975800,
0x00000184a7976000, 0x00000184a7977800, 0x00000184a7974800, 0x00000184a7978800,
0x00000184a797a000, 0x00000184a7979800, 0x00000184ae6dc000, 0x00000184ae6dd000,
0x00000184ae6dd800, 0x00000184ae6de800, 0x00000184ae6e0000, 0x00000184ae6db000,
0x00000184ae6e4000, 0x00000184ae6e5000, 0x00000184ae6e6800, 0x00000184ae6e3800,
0x00000184ae6e1000, 0x00000184ae6e2800, 0x00000184ae6df000, 0x00000184ae6e1800
}

Java Threads: ( => current thread )
  0x000001848ba3e000 JavaThread "main" [_thread_blocked, id=18236, stack(0x0000001814000000,0x0000001814100000)]
  0x00000184a5275800 JavaThread "Reference Handler" daemon [_thread_blocked, id=6652, stack(0x0000001814700000,0x0000001814800000)]
  0x00000184a5276000 JavaThread "Finalizer" daemon [_thread_blocked, id=4664, stack(0x0000001814800000,0x0000001814900000)]
  0x00000184a52f5000 JavaThread "Signal Dispatcher" daemon [_thread_blocked, id=13656, stack(0x0000001814900000,0x0000001814a00000)]
  0x00000184a52f6000 JavaThread "Attach Listener" daemon [_thread_blocked, id=10704, stack(0x0000001814a00000,0x0000001814b00000)]
=>0x00000184a52f9000 JavaThread "C2 CompilerThread0" daemon [_thread_in_native, id=12212, stack(0x0000001814b00000,0x0000001814c00000)]
  0x00000184a52fc800 JavaThread "C1 CompilerThread0" daemon [_thread_blocked, id=15188, stack(0x0000001814c00000,0x0000001814d00000)]
  0x00000184a5309800 JavaThread "Sweeper thread" daemon [_thread_blocked, id=12044, stack(0x0000001814d00000,0x0000001814e00000)]
  0x00000184a5476800 JavaThread "Common-Cleaner" daemon [_thread_blocked, id=14940, stack(0x0000001814e00000,0x0000001814f00000)]
  0x00000184a5480000 JavaThread "Service Thread" daemon [_thread_blocked, id=9676, stack(0x0000001814f00000,0x0000001815000000)]
  0x00000184a6156000 JavaThread "Incoming local TCP Connector on port 55441" [_thread_in_native, id=11376, stack(0x0000001815100000,0x0000001815200000)]
  0x00000184a6fa6000 JavaThread "Daemon periodic checks" [_thread_blocked, id=12696, stack(0x0000001815700000,0x0000001815800000)]
  0x00000184a6a7c000 JavaThread "Cache worker for file hash cache (C:\Users\94285\.gradle\caches\5.1.1\fileHashes)" [_thread_blocked, id=9336, stack(0x0000001815f00000,0x0000001816000000)]
  0x00000184a7295800 JavaThread "File lock request listener" [_thread_in_native, id=9276, stack(0x0000001816000000,0x0000001816100000)]
  0x00000184a7297000 JavaThread "Cache worker for journal cache (C:\Users\94285\.gradle\caches\journal-1)" [_thread_blocked, id=14408, stack(0x0000001816100000,0x0000001816200000)]
  0x00000184a7297800 JavaThread "Cache worker for execution history cache (C:\Users\94285\.gradle\caches\5.1.1\executionHistory)" [_thread_blocked, id=15828, stack(0x0000001816a00000,0x0000001816b00000)]
  0x00000184a797b000 JavaThread "Memory manager" [_thread_blocked, id=15772, stack(0x0000001817200000,0x0000001817300000)]
  0x00000184acb31800 JavaThread "Cache worker for file content cache (C:\Users\94285\.gradle\caches\5.1.1\fileContent)" [_thread_blocked, id=6572, stack(0x0000001817400000,0x0000001817500000)]
  0x00000184acb34000 JavaThread "ForkJoinPool.commonPool-worker-7" daemon [_thread_blocked, id=3824, stack(0x0000001818000000,0x0000001818100000)]
  0x00000184acb35800 JavaThread "ForkJoinPool.commonPool-worker-9" daemon [_thread_blocked, id=17096, stack(0x0000001818100000,0x0000001818200000)]
  0x00000184acb35000 JavaThread "ForkJoinPool.commonPool-worker-15" daemon [_thread_blocked, id=9088, stack(0x0000001818400000,0x0000001818500000)]
  0x00000184ae6e6000 JavaThread "Cache worker for Java compile cache (C:\Users\94285\.gradle\caches\5.1.1\javaCompile)" [_thread_blocked, id=12760, stack(0x0000001817100000,0x0000001817200000)]
  0x00000184a7fbb800 JavaThread "Daemon Thread 3" [_thread_blocked, id=3224, stack(0x0000001813d00000,0x0000001813e00000)]
  0x00000184a7fc0800 JavaThread "Daemon worker Thread 3" [_thread_blocked, id=14972, stack(0x0000001815800000,0x0000001815900000)]
  0x00000184a7971000 JavaThread "Handler for socket connection from /127.0.0.1:55441 to /127.0.0.1:61461" [_thread_in_native, id=15884, stack(0x0000001813e00000,0x0000001813f00000)]
  0x00000184a7972000 JavaThread "Cancel handler" [_thread_blocked, id=12744, stack(0x0000001813f00000,0x0000001814000000)]
  0x00000184a7973000 JavaThread "Asynchronous log dispatcher for DefaultDaemonConnection: socket connection from /127.0.0.1:55441 to /127.0.0.1:61461" [_thread_blocked, id=11348, stack(0x0000001815900000,0x0000001815a00000)]
  0x00000184a796d000 JavaThread "Stdin handler" [_thread_blocked, id=3932, stack(0x0000001815a00000,0x0000001815b00000)]
  0x00000184a7973800 JavaThread "Thread-155" [_thread_blocked, id=10296, stack(0x0000001815b00000,0x0000001815c00000)]
  0x00000184a796e000 JavaThread "Cache worker for file hash cache (C:\Users\94285\Documents\GitHub\Android\ExampleCode\h7\assignment\.gradle\5.1.1\fileHashes)" [_thread_blocked, id=17352, stack(0x0000001815c00000,0x0000001815d00000)]
  0x00000184a7977000 JavaThread "Cache worker for cache directory md-supplier (C:\Users\94285\.gradle\caches\5.1.1\md-supplier)" [_thread_blocked, id=5012, stack(0x0000001815d00000,0x0000001815e00000)]
  0x00000184a7975800 JavaThread "Cache worker for cache directory md-rule (C:\Users\94285\.gradle\caches\5.1.1\md-rule)" [_thread_blocked, id=6944, stack(0x0000001815e00000,0x0000001815f00000)]
  0x00000184a7976000 JavaThread "Build operations" [_thread_blocked, id=10820, stack(0x0000001816200000,0x0000001816300000)]
  0x00000184a7977800 JavaThread "Build operations Thread 2" [_thread_blocked, id=15132, stack(0x0000001816300000,0x0000001816400000)]
  0x00000184a7974800 JavaThread "Build operations Thread 3" [_thread_blocked, id=17336, stack(0x0000001816700000,0x0000001816800000)]
  0x00000184a7978800 JavaThread "Build operations Thread 4" [_thread_blocked, id=17360, stack(0x0000001816800000,0x0000001816900000)]
  0x00000184a797a000 JavaThread "Build operations Thread 5" [_thread_blocked, id=6844, stack(0x0000001816900000,0x0000001816a00000)]
  0x00000184a7979800 JavaThread "Build operations Thread 6" [_thread_blocked, id=7264, stack(0x0000001816b00000,0x0000001816c00000)]
  0x00000184ae6dc000 JavaThread "Build operations Thread 7" [_thread_blocked, id=18184, stack(0x0000001816c00000,0x0000001816d00000)]
  0x00000184ae6dd000 JavaThread "Build operations Thread 8" [_thread_blocked, id=12096, stack(0x0000001816d00000,0x0000001816e00000)]
  0x00000184ae6dd800 JavaThread "Cache worker for Build Output Cleanup Cache (C:\Users\94285\Documents\GitHub\Android\ExampleCode\h7\assignment\.gradle\buildOutputCleanup)" [_thread_blocked, id=11784, stack(0x0000001816e00000,0x0000001816f00000)]
  0x00000184ae6de800 JavaThread "Cache worker for file content cache (C:\Users\94285\Documents\GitHub\Android\ExampleCode\h7\assignment\.gradle\5.1.1\fileContent)" [_thread_blocked, id=12516, stack(0x0000001816f00000,0x0000001817000000)]
  0x00000184ae6e0000 JavaThread "Execution worker for ':'" [_thread_in_native, id=7488, stack(0x0000001817500000,0x0000001817600000)]
  0x00000184ae6db000 JavaThread "Execution worker for ':' Thread 2" [_thread_blocked, id=13928, stack(0x0000001817600000,0x0000001817700000)]
  0x00000184ae6e4000 JavaThread "Execution worker for ':' Thread 3" [_thread_blocked, id=12200, stack(0x0000001817700000,0x0000001817800000)]
  0x00000184ae6e5000 JavaThread "Execution worker for ':' Thread 4" [_thread_blocked, id=1192, stack(0x0000001817800000,0x0000001817900000)]
  0x00000184ae6e6800 JavaThread "Execution worker for ':' Thread 5" [_thread_blocked, id=1676, stack(0x0000001817900000,0x0000001817a00000)]
  0x00000184ae6e3800 JavaThread "Execution worker for ':' Thread 6" [_thread_blocked, id=3728, stack(0x0000001817a00000,0x0000001817b00000)]
  0x00000184ae6e1000 JavaThread "Execution worker for ':' Thread 7" [_thread_blocked, id=14848, stack(0x0000001817b00000,0x0000001817c00000)]
  0x00000184ae6e2800 JavaThread "Cache worker for execution history cache (C:\Users\94285\Documents\GitHub\Android\ExampleCode\h7\assignment\.gradle\5.1.1\executionHistory)" [_thread_blocked, id=12392, stack(0x0000001817c00000,0x0000001817d00000)]
  0x00000184ae6df000 JavaThread "C2 CompilerThread1" daemon [_thread_in_native, id=10836, stack(0x0000001817000000,0x0000001817100000)]
  0x00000184ae6e1800 JavaThread "C2 CompilerThread2" daemon [_thread_in_native, id=6120, stack(0x0000001817d00000,0x0000001817e00000)]

Other Threads:
  0x00000184a4a6d000 VMThread "VM Thread" [stack: 0x0000001814600000,0x0000001814700000] [id=3148]
  0x00000184a54bb800 WatcherThread [stack: 0x0000001815000000,0x0000001815100000] [id=14732]
  0x000001848ba51800 GCTaskThread "GC Thread#0" [stack: 0x0000001814100000,0x0000001814200000] [id=17448]
  0x00000184a61f6000 GCTaskThread "GC Thread#1" [stack: 0x0000001815200000,0x0000001815300000] [id=8076]
  0x00000184a5ae5000 GCTaskThread "GC Thread#2" [stack: 0x0000001815300000,0x0000001815400000] [id=10488]
  0x00000184a5e88800 GCTaskThread "GC Thread#3" [stack: 0x0000001815400000,0x0000001815500000] [id=5732]
  0x00000184a6245800 GCTaskThread "GC Thread#4" [stack: 0x0000001815500000,0x0000001815600000] [id=11656]
  0x00000184a5cf8800 GCTaskThread "GC Thread#5" [stack: 0x0000001815600000,0x0000001815700000] [id=5752]
  0x00000184a7356800 GCTaskThread "GC Thread#6" [stack: 0x0000001816400000,0x0000001816500000] [id=10832]
  0x00000184a76cd000 GCTaskThread "GC Thread#7" [stack: 0x0000001816500000,0x0000001816600000] [id=8520]
  0x000001848ba7c800 ConcurrentGCThread "G1 Main Marker" [stack: 0x0000001814200000,0x0000001814300000] [id=8896]
  0x000001848ba80000 ConcurrentGCThread "G1 Conc#0" [stack: 0x0000001814300000,0x0000001814400000] [id=4000]
  0x00000184a6225800 ConcurrentGCThread "G1 Conc#1" [stack: 0x0000001816600000,0x0000001816700000] [id=15348]
  0x000001848bb1e800 ConcurrentGCThread "G1 Refine#0" [stack: 0x0000001814400000,0x0000001814500000] [id=15988]
  0x00000184a95e3000 ConcurrentGCThread "G1 Refine#1" [stack: 0x0000001819c00000,0x0000001819d00000] [id=4228]
  0x00000184b30ac000 ConcurrentGCThread "G1 Refine#2" [stack: 0x0000001819d00000,0x0000001819e00000] [id=2612]
  0x00000184b30ad000 ConcurrentGCThread "G1 Refine#3" [stack: 0x0000001819e00000,0x0000001819f00000] [id=6244]
  0x00000184b30ab800 ConcurrentGCThread "G1 Refine#4" [stack: 0x0000001819f00000,0x000000181a000000] [id=9408]
  0x00000184a48dd000 ConcurrentGCThread "G1 Young RemSet Sampling" [stack: 0x0000001814500000,0x0000001814600000] [id=1160]

Threads with active compile tasks:
C2 CompilerThread01071255 32122       4       com.sun.org.apache.xerces.internal.dom.NamedNodeMapImpl::getNamedItemNS (29 bytes)
C2 CompilerThread11071256 32103       4       com.sun.org.apache.xerces.internal.impl.XMLNSDocumentScannerImpl::scanStartElement (1026 bytes)
C2 CompilerThread21071256 32130       4       com.android.utils.PositionXmlParser$DomBuilder::findOpeningTag (131 bytes)

VM state:not at safepoint (normal execution)

VM Mutex/Monitor currently owned by a thread: None

Heap address: 0x00000000a0000000, size: 1536 MB, Compressed Oops mode: 32-bit
Narrow klass base: 0x0000000000000000, Narrow klass shift: 3
Compressed class space size: 1073741824 Address: 0x0000000100000000

Heap:
 garbage-first heap   total 270336K, used 222711K [0x00000000a0000000, 0x0000000100000000)
  region size 1024K, 107 young (109568K), 2 survivors (2048K)
 Metaspace       used 153123K, capacity 157445K, committed 157696K, reserved 1187840K
  class space    used 18035K, capacity 19449K, committed 19456K, reserved 1048576K
Heap Regions: E=young(eden), S=young(survivor), O=old, HS=humongous(starts), HC=humongous(continues), CS=collection set, F=free, A=archive, TAMS=top-at-mark-start (previous, next)
|   0|0x00000000a0000000, 0x00000000a0100000, 0x00000000a0100000|100%|HS|  |TAMS 0x00000000a0100000, 0x00000000a0000000| Complete 
|   1|0x00000000a0100000, 0x00000000a0200000, 0x00000000a0200000|100%|HS|  |TAMS 0x00000000a0200000, 0x00000000a0100000| Complete 
|   2|0x00000000a0200000, 0x00000000a0300000, 0x00000000a0300000|100%|HC|  |TAMS 0x00000000a0300000, 0x00000000a0200000| Complete 
|   3|0x00000000a0300000, 0x00000000a0400000, 0x00000000a0400000|100%| O|  |TAMS 0x00000000a0400000, 0x00000000a0300000| Untracked 
|   4|0x00000000a0400000, 0x00000000a0500000, 0x00000000a0500000|100%| O|  |TAMS 0x00000000a0500000, 0x00000000a0400000| Untracked 
|   5|0x00000000a0500000, 0x00000000a0600000, 0x00000000a0600000|100%|HS|  |TAMS 0x00000000a0600000, 0x00000000a0500000| Complete 
|   6|0x00000000a0600000, 0x00000000a0700000, 0x00000000a0700000|100%|HC|  |TAMS 0x00000000a0700000, 0x00000000a0600000| Complete 
|   7|0x00000000a0700000, 0x00000000a0800000, 0x00000000a0800000|100%|HS|  |TAMS 0x00000000a0800000, 0x00000000a0700000| Complete 
|   8|0x00000000a0800000, 0x00000000a0900000, 0x00000000a0900000|100%|HC|  |TAMS 0x00000000a0900000, 0x00000000a0800000| Complete 
|   9|0x00000000a0900000, 0x00000000a0a00000, 0x00000000a0a00000|100%|HC|  |TAMS 0x00000000a0a00000, 0x00000000a0900000| Complete 
|  10|0x00000000a0a00000, 0x00000000a0b00000, 0x00000000a0b00000|100%|HS|  |TAMS 0x00000000a0b00000, 0x00000000a0a00000| Complete 
|  11|0x00000000a0b00000, 0x00000000a0c00000, 0x00000000a0c00000|100%|HC|  |TAMS 0x00000000a0c00000, 0x00000000a0b00000| Complete 
|  12|0x00000000a0c00000, 0x00000000a0d00000, 0x00000000a0d00000|100%|HC|  |TAMS 0x00000000a0d00000, 0x00000000a0c00000| Complete 
|  13|0x00000000a0d00000, 0x00000000a0e00000, 0x00000000a0e00000|100%|HC|  |TAMS 0x00000000a0e00000, 0x00000000a0d00000| Complete 
|  14|0x00000000a0e00000, 0x00000000a0f00000, 0x00000000a0f00000|100%| O|  |TAMS 0x00000000a0f00000, 0x00000000a0e00000| Untracked 
|  15|0x00000000a0f00000, 0x00000000a1000000, 0x00000000a1000000|100%| O|  |TAMS 0x00000000a1000000, 0x00000000a0f00000| Untracked 
|  16|0x00000000a1000000, 0x00000000a1100000, 0x00000000a1100000|100%| O|  |TAMS 0x00000000a1100000, 0x00000000a1000000| Untracked 
|  17|0x00000000a1100000, 0x00000000a1200000, 0x00000000a1200000|100%| O|  |TAMS 0x00000000a1200000, 0x00000000a1100000| Untracked 
|  18|0x00000000a1200000, 0x00000000a1300000, 0x00000000a1300000|100%| O|  |TAMS 0x00000000a1300000, 0x00000000a1200000| Untracked 
|  19|0x00000000a1300000, 0x00000000a1400000, 0x00000000a1400000|100%| O|  |TAMS 0x00000000a1400000, 0x00000000a1300000| Untracked 
|  20|0x00000000a1400000, 0x00000000a1500000, 0x00000000a1500000|100%| O|  |TAMS 0x00000000a1500000, 0x00000000a1400000| Untracked 
|  21|0x00000000a1500000, 0x00000000a1600000, 0x00000000a1600000|100%| O|  |TAMS 0x00000000a1600000, 0x00000000a1500000| Untracked 
|  22|0x00000000a1600000, 0x00000000a1700000, 0x00000000a1700000|100%| O|  |TAMS 0x00000000a1700000, 0x00000000a1600000| Untracked 
|  23|0x00000000a1700000, 0x00000000a1800000, 0x00000000a1800000|100%| O|  |TAMS 0x00000000a1800000, 0x00000000a1700000| Untracked 
|  24|0x00000000a1800000, 0x00000000a1900000, 0x00000000a1900000|100%| O|  |TAMS 0x00000000a1900000, 0x00000000a1800000| Untracked 
|  25|0x00000000a1900000, 0x00000000a1a00000, 0x00000000a1a00000|100%| O|  |TAMS 0x00000000a1a00000, 0x00000000a1900000| Untracked 
|  26|0x00000000a1a00000, 0x00000000a1b00000, 0x00000000a1b00000|100%| O|  |TAMS 0x00000000a1b00000, 0x00000000a1a00000| Untracked 
|  27|0x00000000a1b00000, 0x00000000a1c00000, 0x00000000a1c00000|100%| O|  |TAMS 0x00000000a1c00000, 0x00000000a1b00000| Untracked 
|  28|0x00000000a1c00000, 0x00000000a1d00000, 0x00000000a1d00000|100%| O|  |TAMS 0x00000000a1d00000, 0x00000000a1c00000| Untracked 
|  29|0x00000000a1d00000, 0x00000000a1e00000, 0x00000000a1e00000|100%| O|  |TAMS 0x00000000a1e00000, 0x00000000a1d00000| Untracked 
|  30|0x00000000a1e00000, 0x00000000a1f00000, 0x00000000a1f00000|100%| O|  |TAMS 0x00000000a1f00000, 0x00000000a1e00000| Untracked 
|  31|0x00000000a1f00000, 0x00000000a2000000, 0x00000000a2000000|100%| O|  |TAMS 0x00000000a2000000, 0x00000000a1f00000| Untracked 
|  32|0x00000000a2000000, 0x00000000a2100000, 0x00000000a2100000|100%| O|  |TAMS 0x00000000a2100000, 0x00000000a2000000| Untracked 
|  33|0x00000000a2100000, 0x00000000a2200000, 0x00000000a2200000|100%| O|  |TAMS 0x00000000a2200000, 0x00000000a2100000| Untracked 
|  34|0x00000000a2200000, 0x00000000a2300000, 0x00000000a2300000|100%| O|  |TAMS 0x00000000a2300000, 0x00000000a2200000| Untracked 
|  35|0x00000000a2300000, 0x00000000a2400000, 0x00000000a2400000|100%| O|  |TAMS 0x00000000a2400000, 0x00000000a2300000| Untracked 
|  36|0x00000000a2400000, 0x00000000a2500000, 0x00000000a2500000|100%| O|  |TAMS 0x00000000a2500000, 0x00000000a2400000| Untracked 
|  37|0x00000000a2500000, 0x00000000a2600000, 0x00000000a2600000|100%| O|  |TAMS 0x00000000a2600000, 0x00000000a2500000| Untracked 
|  38|0x00000000a2600000, 0x00000000a2700000, 0x00000000a2700000|100%| O|  |TAMS 0x00000000a2700000, 0x00000000a2600000| Untracked 
|  39|0x00000000a2700000, 0x00000000a2800000, 0x00000000a2800000|100%| O|  |TAMS 0x00000000a2800000, 0x00000000a2700000| Untracked 
|  40|0x00000000a2800000, 0x00000000a2900000, 0x00000000a2900000|100%| O|  |TAMS 0x00000000a2900000, 0x00000000a2800000| Untracked 
|  41|0x00000000a2900000, 0x00000000a2a00000, 0x00000000a2a00000|100%| O|  |TAMS 0x00000000a2a00000, 0x00000000a2900000| Untracked 
|  42|0x00000000a2a00000, 0x00000000a2b00000, 0x00000000a2b00000|100%| O|  |TAMS 0x00000000a2b00000, 0x00000000a2a00000| Untracked 
|  43|0x00000000a2b00000, 0x00000000a2c00000, 0x00000000a2c00000|100%|HS|  |TAMS 0x00000000a2c00000, 0x00000000a2b00000| Complete 
|  44|0x00000000a2c00000, 0x00000000a2d00000, 0x00000000a2d00000|100%|HC|  |TAMS 0x00000000a2d00000, 0x00000000a2c00000| Complete 
|  45|0x00000000a2d00000, 0x00000000a2e00000, 0x00000000a2e00000|100%|HC|  |TAMS 0x00000000a2e00000, 0x00000000a2d00000| Complete 
|  46|0x00000000a2e00000, 0x00000000a2f00000, 0x00000000a2f00000|100%|HS|  |TAMS 0x00000000a2f00000, 0x00000000a2e00000| Complete 
|  47|0x00000000a2f00000, 0x00000000a3000000, 0x00000000a3000000|100%|HC|  |TAMS 0x00000000a3000000, 0x00000000a2f00000| Complete 
|  48|0x00000000a3000000, 0x00000000a3100000, 0x00000000a3100000|100%| O|  |TAMS 0x00000000a3100000, 0x00000000a3000000| Untracked 
|  49|0x00000000a3100000, 0x00000000a3200000, 0x00000000a3200000|100%| O|  |TAMS 0x00000000a3200000, 0x00000000a3100000| Untracked 
|  50|0x00000000a3200000, 0x00000000a3300000, 0x00000000a3300000|100%| O|  |TAMS 0x00000000a3300000, 0x00000000a3200000| Untracked 
|  51|0x00000000a3300000, 0x00000000a3400000, 0x00000000a3400000|100%| O|  |TAMS 0x00000000a3400000, 0x00000000a3300000| Untracked 
|  52|0x00000000a3400000, 0x00000000a3500000, 0x00000000a3500000|100%| O|  |TAMS 0x00000000a3500000, 0x00000000a3400000| Untracked 
|  53|0x00000000a3500000, 0x00000000a3600000, 0x00000000a3600000|100%| O|  |TAMS 0x00000000a3600000, 0x00000000a3500000| Untracked 
|  54|0x00000000a3600000, 0x00000000a3700000, 0x00000000a3700000|100%| O|  |TAMS 0x00000000a3700000, 0x00000000a3600000| Untracked 
|  55|0x00000000a3700000, 0x00000000a3800000, 0x00000000a3800000|100%| O|  |TAMS 0x00000000a3800000, 0x00000000a3700000| Untracked 
|  56|0x00000000a3800000, 0x00000000a3900000, 0x00000000a3900000|100%| O|  |TAMS 0x00000000a3900000, 0x00000000a3800000| Untracked 
|  57|0x00000000a3900000, 0x00000000a3a00000, 0x00000000a3a00000|100%| O|  |TAMS 0x00000000a3a00000, 0x00000000a3900000| Untracked 
|  58|0x00000000a3a00000, 0x00000000a3b00000, 0x00000000a3b00000|100%| O|  |TAMS 0x00000000a3b00000, 0x00000000a3a00000| Untracked 
|  59|0x00000000a3b00000, 0x00000000a3c00000, 0x00000000a3c00000|100%| O|  |TAMS 0x00000000a3c00000, 0x00000000a3b00000| Untracked 
|  60|0x00000000a3c00000, 0x00000000a3d00000, 0x00000000a3d00000|100%| O|  |TAMS 0x00000000a3d00000, 0x00000000a3c00000| Untracked 
|  61|0x00000000a3d00000, 0x00000000a3e00000, 0x00000000a3e00000|100%| O|  |TAMS 0x00000000a3e00000, 0x00000000a3d00000| Untracked 
|  62|0x00000000a3e00000, 0x00000000a3f00000, 0x00000000a3f00000|100%| O|  |TAMS 0x00000000a3f00000, 0x00000000a3e00000| Untracked 
|  63|0x00000000a3f00000, 0x00000000a4000000, 0x00000000a4000000|100%| O|  |TAMS 0x00000000a4000000, 0x00000000a3f00000| Untracked 
|  64|0x00000000a4000000, 0x00000000a4100000, 0x00000000a4100000|100%| O|  |TAMS 0x00000000a4100000, 0x00000000a4000000| Untracked 
|  65|0x00000000a4100000, 0x00000000a4200000, 0x00000000a4200000|100%| O|  |TAMS 0x00000000a4200000, 0x00000000a4100000| Untracked 
|  66|0x00000000a4200000, 0x00000000a4300000, 0x00000000a4300000|100%| O|  |TAMS 0x00000000a4300000, 0x00000000a4200000| Untracked 
|  67|0x00000000a4300000, 0x00000000a4400000, 0x00000000a4400000|100%| O|  |TAMS 0x00000000a4400000, 0x00000000a4300000| Untracked 
|  68|0x00000000a4400000, 0x00000000a4500000, 0x00000000a4500000|100%| O|  |TAMS 0x00000000a4500000, 0x00000000a4400000| Untracked 
|  69|0x00000000a4500000, 0x00000000a4600000, 0x00000000a4600000|100%| O|  |TAMS 0x00000000a4600000, 0x00000000a4500000| Untracked 
|  70|0x00000000a4600000, 0x00000000a4700000, 0x00000000a4700000|100%| O|  |TAMS 0x00000000a4700000, 0x00000000a4600000| Untracked 
|  71|0x00000000a4700000, 0x00000000a4800000, 0x00000000a4800000|100%| O|  |TAMS 0x00000000a4800000, 0x00000000a4700000| Untracked 
|  72|0x00000000a4800000, 0x00000000a4900000, 0x00000000a4900000|100%| O|  |TAMS 0x00000000a4900000, 0x00000000a4800000| Untracked 
|  73|0x00000000a4900000, 0x00000000a4a00000, 0x00000000a4a00000|100%| O|  |TAMS 0x00000000a4a00000, 0x00000000a4900000| Untracked 
|  74|0x00000000a4a00000, 0x00000000a4b00000, 0x00000000a4b00000|100%| O|  |TAMS 0x00000000a4b00000, 0x00000000a4a00000| Untracked 
|  75|0x00000000a4b00000, 0x00000000a4c00000, 0x00000000a4c00000|100%| O|  |TAMS 0x00000000a4c00000, 0x00000000a4b00000| Untracked 
|  76|0x00000000a4c00000, 0x00000000a4d00000, 0x00000000a4d00000|100%| O|  |TAMS 0x00000000a4d00000, 0x00000000a4c00000| Untracked 
|  77|0x00000000a4d00000, 0x00000000a4e00000, 0x00000000a4e00000|100%| O|  |TAMS 0x00000000a4e00000, 0x00000000a4d00000| Untracked 
|  78|0x00000000a4e00000, 0x00000000a4f00000, 0x00000000a4f00000|100%| O|  |TAMS 0x00000000a4f00000, 0x00000000a4e00000| Untracked 
|  79|0x00000000a4f00000, 0x00000000a5000000, 0x00000000a5000000|100%| O|  |TAMS 0x00000000a5000000, 0x00000000a4f00000| Untracked 
|  80|0x00000000a5000000, 0x00000000a5100000, 0x00000000a5100000|100%| O|  |TAMS 0x00000000a5100000, 0x00000000a5000000| Untracked 
|  81|0x00000000a5100000, 0x00000000a5200000, 0x00000000a5200000|100%| O|  |TAMS 0x00000000a5200000, 0x00000000a5100000| Untracked 
|  82|0x00000000a5200000, 0x00000000a5300000, 0x00000000a5300000|100%| O|  |TAMS 0x00000000a5300000, 0x00000000a5200000| Untracked 
|  83|0x00000000a5300000, 0x00000000a5400000, 0x00000000a5400000|100%| O|  |TAMS 0x00000000a5400000, 0x00000000a5300000| Untracked 
|  84|0x00000000a5400000, 0x00000000a5500000, 0x00000000a5500000|100%| O|  |TAMS 0x00000000a5500000, 0x00000000a5400000| Untracked 
|  85|0x00000000a5500000, 0x00000000a5600000, 0x00000000a5600000|100%| O|  |TAMS 0x00000000a5600000, 0x00000000a5500000| Untracked 
|  86|0x00000000a5600000, 0x00000000a5700000, 0x00000000a5700000|100%| O|  |TAMS 0x00000000a5700000, 0x00000000a5600000| Untracked 
|  87|0x00000000a5700000, 0x00000000a5800000, 0x00000000a5800000|100%| O|  |TAMS 0x00000000a5800000, 0x00000000a5700000| Untracked 
|  88|0x00000000a5800000, 0x00000000a5900000, 0x00000000a5900000|100%| O|  |TAMS 0x00000000a5900000, 0x00000000a5800000| Untracked 
|  89|0x00000000a5900000, 0x00000000a5a00000, 0x00000000a5a00000|100%| O|  |TAMS 0x00000000a5a00000, 0x00000000a5900000| Untracked 
|  90|0x00000000a5a00000, 0x00000000a5b00000, 0x00000000a5b00000|100%| O|  |TAMS 0x00000000a5b00000, 0x00000000a5a00000| Untracked 
|  91|0x00000000a5b00000, 0x00000000a5b00000, 0x00000000a5c00000|  0%| F|  |TAMS 0x00000000a5b00000, 0x00000000a5b00000| Untracked 
|  92|0x00000000a5c00000, 0x00000000a5d00000, 0x00000000a5d00000|100%| O|  |TAMS 0x00000000a5d00000, 0x00000000a5c00000| Untracked 
|  93|0x00000000a5d00000, 0x00000000a5e00000, 0x00000000a5e00000|100%| O|  |TAMS 0x00000000a5e00000, 0x00000000a5d00000| Untracked 
|  94|0x00000000a5e00000, 0x00000000a5f00000, 0x00000000a5f00000|100%| O|  |TAMS 0x00000000a5f00000, 0x00000000a5e00000| Untracked 
|  95|0x00000000a5f00000, 0x00000000a6000000, 0x00000000a6000000|100%| O|  |TAMS 0x00000000a6000000, 0x00000000a5f00000| Untracked 
|  96|0x00000000a6000000, 0x00000000a6100000, 0x00000000a6100000|100%| O|  |TAMS 0x00000000a6100000, 0x00000000a6000000| Untracked 
|  97|0x00000000a6100000, 0x00000000a6200000, 0x00000000a6200000|100%| O|  |TAMS 0x00000000a6200000, 0x00000000a6100000| Untracked 
|  98|0x00000000a6200000, 0x00000000a6300000, 0x00000000a6300000|100%| O|  |TAMS 0x00000000a6300000, 0x00000000a6200000| Untracked 
|  99|0x00000000a6300000, 0x00000000a6400000, 0x00000000a6400000|100%| O|  |TAMS 0x00000000a6400000, 0x00000000a6300000| Untracked 
| 100|0x00000000a6400000, 0x00000000a6500000, 0x00000000a6500000|100%| O|  |TAMS 0x00000000a6500000, 0x00000000a6400000| Untracked 
| 101|0x00000000a6500000, 0x00000000a6600000, 0x00000000a6600000|100%| O|  |TAMS 0x00000000a6600000, 0x00000000a6500000| Untracked 
| 102|0x00000000a6600000, 0x00000000a6700000, 0x00000000a6700000|100%| O|  |TAMS 0x00000000a6700000, 0x00000000a6600000| Untracked 
| 103|0x00000000a6700000, 0x00000000a6800000, 0x00000000a6800000|100%| O|  |TAMS 0x00000000a6800000, 0x00000000a6700000| Untracked 
| 104|0x00000000a6800000, 0x00000000a6900000, 0x00000000a6900000|100%| O|  |TAMS 0x00000000a6900000, 0x00000000a6800000| Untracked 
| 105|0x00000000a6900000, 0x00000000a6a00000, 0x00000000a6a00000|100%| O|  |TAMS 0x00000000a6a00000, 0x00000000a6900000| Untracked 
| 106|0x00000000a6a00000, 0x00000000a6b00000, 0x00000000a6b00000|100%| O|  |TAMS 0x00000000a6b00000, 0x00000000a6a00000| Untracked 
| 107|0x00000000a6b00000, 0x00000000a6c00000, 0x00000000a6c00000|100%| O|  |TAMS 0x00000000a6c00000, 0x00000000a6b00000| Untracked 
| 108|0x00000000a6c00000, 0x00000000a6d00000, 0x00000000a6d00000|100%| O|  |TAMS 0x00000000a6d00000, 0x00000000a6c00000| Untracked 
| 109|0x00000000a6d00000, 0x00000000a6d39c00, 0x00000000a6e00000| 22%| O|  |TAMS 0x00000000a6d39c00, 0x00000000a6d00000| Untracked 
| 110|0x00000000a6e00000, 0x00000000a6e00000, 0x00000000a6f00000|  0%| F|  |TAMS 0x00000000a6e00000, 0x00000000a6e00000| Untracked 
| 111|0x00000000a6f00000, 0x00000000a6f00000, 0x00000000a7000000|  0%| F|  |TAMS 0x00000000a6f00000, 0x00000000a6f00000| Untracked 
| 112|0x00000000a7000000, 0x00000000a7000000, 0x00000000a7100000|  0%| F|  |TAMS 0x00000000a7000000, 0x00000000a7000000| Untracked 
| 113|0x00000000a7100000, 0x00000000a7200000, 0x00000000a7200000|100%| O|  |TAMS 0x00000000a7200000, 0x00000000a7100000| Untracked 
| 114|0x00000000a7200000, 0x00000000a7200000, 0x00000000a7300000|  0%| F|  |TAMS 0x00000000a7200000, 0x00000000a7200000| Untracked 
| 115|0x00000000a7300000, 0x00000000a7400000, 0x00000000a7400000|100%| O|  |TAMS 0x00000000a7400000, 0x00000000a7300000| Untracked 
| 116|0x00000000a7400000, 0x00000000a7500000, 0x00000000a7500000|100%| O|  |TAMS 0x00000000a7500000, 0x00000000a7400000| Untracked 
| 117|0x00000000a7500000, 0x00000000a7500000, 0x00000000a7600000|  0%| F|  |TAMS 0x00000000a7500000, 0x00000000a7500000| Untracked 
| 118|0x00000000a7600000, 0x00000000a7600000, 0x00000000a7700000|  0%| F|  |TAMS 0x00000000a7600000, 0x00000000a7600000| Untracked 
| 119|0x00000000a7700000, 0x00000000a7700000, 0x00000000a7800000|  0%| F|  |TAMS 0x00000000a7700000, 0x00000000a7700000| Untracked 
| 120|0x00000000a7800000, 0x00000000a7800000, 0x00000000a7900000|  0%| F|  |TAMS 0x00000000a7800000, 0x00000000a7800000| Untracked 
| 121|0x00000000a7900000, 0x00000000a7900000, 0x00000000a7a00000|  0%| F|  |TAMS 0x00000000a7900000, 0x00000000a7900000| Untracked 
| 122|0x00000000a7a00000, 0x00000000a7b00000, 0x00000000a7b00000|100%| O|  |TAMS 0x00000000a7b00000, 0x00000000a7a00000| Untracked 
| 123|0x00000000a7b00000, 0x00000000a7b00000, 0x00000000a7c00000|  0%| F|  |TAMS 0x00000000a7b00000, 0x00000000a7b00000| Untracked 
| 124|0x00000000a7c00000, 0x00000000a7c00000, 0x00000000a7d00000|  0%| F|  |TAMS 0x00000000a7c00000, 0x00000000a7c00000| Untracked 
| 125|0x00000000a7d00000, 0x00000000a7d00000, 0x00000000a7e00000|  0%| F|  |TAMS 0x00000000a7d00000, 0x00000000a7d00000| Untracked 
| 126|0x00000000a7e00000, 0x00000000a7e00000, 0x00000000a7f00000|  0%| F|  |TAMS 0x00000000a7e00000, 0x00000000a7e00000| Untracked 
| 127|0x00000000a7f00000, 0x00000000a7f00000, 0x00000000a8000000|  0%| F|  |TAMS 0x00000000a7f00000, 0x00000000a7f00000| Untracked 
| 128|0x00000000a8000000, 0x00000000a8000000, 0x00000000a8100000|  0%| F|  |TAMS 0x00000000a8000000, 0x00000000a8000000| Untracked 
| 129|0x00000000a8100000, 0x00000000a8100000, 0x00000000a8200000|  0%| F|  |TAMS 0x00000000a8100000, 0x00000000a8100000| Untracked 
| 130|0x00000000a8200000, 0x00000000a8200000, 0x00000000a8300000|  0%| F|  |TAMS 0x00000000a8200000, 0x00000000a8200000| Untracked 
| 131|0x00000000a8300000, 0x00000000a8400000, 0x00000000a8400000|100%| O|  |TAMS 0x00000000a8400000, 0x00000000a8300000| Untracked 
| 132|0x00000000a8400000, 0x00000000a8400000, 0x00000000a8500000|  0%| F|  |TAMS 0x00000000a8400000, 0x00000000a8400000| Untracked 
| 133|0x00000000a8500000, 0x00000000a8500000, 0x00000000a8600000|  0%| F|  |TAMS 0x00000000a8500000, 0x00000000a8500000| Untracked 
| 134|0x00000000a8600000, 0x00000000a8600000, 0x00000000a8700000|  0%| F|  |TAMS 0x00000000a8600000, 0x00000000a8600000| Untracked 
| 135|0x00000000a8700000, 0x00000000a8700000, 0x00000000a8800000|  0%| F|  |TAMS 0x00000000a8700000, 0x00000000a8700000| Untracked 
| 136|0x00000000a8800000, 0x00000000a8800000, 0x00000000a8900000|  0%| F|  |TAMS 0x00000000a8800000, 0x00000000a8800000| Untracked 
| 137|0x00000000a8900000, 0x00000000a8900000, 0x00000000a8a00000|  0%| F|  |TAMS 0x00000000a8900000, 0x00000000a8900000| Untracked 
| 138|0x00000000a8a00000, 0x00000000a8a00000, 0x00000000a8b00000|  0%| F|  |TAMS 0x00000000a8a00000, 0x00000000a8a00000| Untracked 
| 139|0x00000000a8b00000, 0x00000000a8b00000, 0x00000000a8c00000|  0%| F|  |TAMS 0x00000000a8b00000, 0x00000000a8b00000| Untracked 
| 140|0x00000000a8c00000, 0x00000000a8c00000, 0x00000000a8d00000|  0%| F|  |TAMS 0x00000000a8c00000, 0x00000000a8c00000| Untracked 
| 141|0x00000000a8d00000, 0x00000000a8d00000, 0x00000000a8e00000|  0%| F|  |TAMS 0x00000000a8d00000, 0x00000000a8d00000| Untracked 
| 142|0x00000000a8e00000, 0x00000000a8e00000, 0x00000000a8f00000|  0%| F|  |TAMS 0x00000000a8e00000, 0x00000000a8e00000| Untracked 
| 143|0x00000000a8f00000, 0x00000000a8f00000, 0x00000000a9000000|  0%| F|  |TAMS 0x00000000a8f00000, 0x00000000a8f00000| Untracked 
| 144|0x00000000a9000000, 0x00000000a9000000, 0x00000000a9100000|  0%| F|  |TAMS 0x00000000a9000000, 0x00000000a9000000| Untracked 
| 145|0x00000000a9100000, 0x00000000a9100000, 0x00000000a9200000|  0%| F|  |TAMS 0x00000000a9100000, 0x00000000a9100000| Untracked 
| 146|0x00000000a9200000, 0x00000000a9200000, 0x00000000a9300000|  0%| F|  |TAMS 0x00000000a9200000, 0x00000000a9200000| Untracked 
| 147|0x00000000a9300000, 0x00000000a9300000, 0x00000000a9400000|  0%| F|  |TAMS 0x00000000a9300000, 0x00000000a9300000| Untracked 
| 148|0x00000000a9400000, 0x00000000a9400000, 0x00000000a9500000|  0%| F|  |TAMS 0x00000000a9400000, 0x00000000a9400000| Untracked 
| 149|0x00000000a9500000, 0x00000000a9500000, 0x00000000a9600000|  0%| F|  |TAMS 0x00000000a9500000, 0x00000000a9500000| Untracked 
| 150|0x00000000a9600000, 0x00000000a9600000, 0x00000000a9700000|  0%| F|  |TAMS 0x00000000a9600000, 0x00000000a9600000| Untracked 
| 151|0x00000000a9700000, 0x00000000a9700000, 0x00000000a9800000|  0%| F|  |TAMS 0x00000000a9700000, 0x00000000a9700000| Untracked 
| 152|0x00000000a9800000, 0x00000000a9800000, 0x00000000a9900000|  0%| F|  |TAMS 0x00000000a9800000, 0x00000000a9800000| Untracked 
| 153|0x00000000a9900000, 0x00000000a9900000, 0x00000000a9a00000|  0%| F|  |TAMS 0x00000000a9900000, 0x00000000a9900000| Untracked 
| 154|0x00000000a9a00000, 0x00000000a9a00000, 0x00000000a9b00000|  0%| F|  |TAMS 0x00000000a9a00000, 0x00000000a9a00000| Untracked 
| 155|0x00000000a9b00000, 0x00000000a9b00000, 0x00000000a9c00000|  0%| F|  |TAMS 0x00000000a9b00000, 0x00000000a9b00000| Untracked 
| 156|0x00000000a9c00000, 0x00000000a9c00000, 0x00000000a9d00000|  0%| F|  |TAMS 0x00000000a9c00000, 0x00000000a9c00000| Untracked 
| 157|0x00000000a9d00000, 0x00000000a9ddbac8, 0x00000000a9e00000| 85%| E|  |TAMS 0x00000000a9d00000, 0x00000000a9d00000| Complete 
| 158|0x00000000a9e00000, 0x00000000a9f00000, 0x00000000a9f00000|100%| E|CS|TAMS 0x00000000a9e00000, 0x00000000a9e00000| Complete 
| 159|0x00000000a9f00000, 0x00000000a9f44080, 0x00000000aa000000| 26%| S|CS|TAMS 0x00000000a9f00000, 0x00000000a9f00000| Complete 
| 160|0x00000000aa000000, 0x00000000aa100000, 0x00000000aa100000|100%| S|CS|TAMS 0x00000000aa000000, 0x00000000aa000000| Complete 
| 161|0x00000000aa100000, 0x00000000aa200000, 0x00000000aa200000|100%| E|CS|TAMS 0x00000000aa100000, 0x00000000aa100000| Complete 
| 162|0x00000000aa200000, 0x00000000aa300000, 0x00000000aa300000|100%| E|CS|TAMS 0x00000000aa200000, 0x00000000aa200000| Complete 
| 163|0x00000000aa300000, 0x00000000aa400000, 0x00000000aa400000|100%| E|CS|TAMS 0x00000000aa300000, 0x00000000aa300000| Complete 
| 164|0x00000000aa400000, 0x00000000aa500000, 0x00000000aa500000|100%| E|CS|TAMS 0x00000000aa400000, 0x00000000aa400000| Complete 
| 165|0x00000000aa500000, 0x00000000aa600000, 0x00000000aa600000|100%| E|CS|TAMS 0x00000000aa500000, 0x00000000aa500000| Complete 
| 166|0x00000000aa600000, 0x00000000aa700000, 0x00000000aa700000|100%| E|CS|TAMS 0x00000000aa600000, 0x00000000aa600000| Complete 
| 167|0x00000000aa700000, 0x00000000aa800000, 0x00000000aa800000|100%| E|CS|TAMS 0x00000000aa700000, 0x00000000aa700000| Complete 
| 168|0x00000000aa800000, 0x00000000aa900000, 0x00000000aa900000|100%| E|CS|TAMS 0x00000000aa800000, 0x00000000aa800000| Complete 
| 169|0x00000000aa900000, 0x00000000aaa00000, 0x00000000aaa00000|100%| E|CS|TAMS 0x00000000aa900000, 0x00000000aa900000| Complete 
| 170|0x00000000aaa00000, 0x00000000aab00000, 0x00000000aab00000|100%| E|CS|TAMS 0x00000000aaa00000, 0x00000000aaa00000| Complete 
| 171|0x00000000aab00000, 0x00000000aac00000, 0x00000000aac00000|100%| E|CS|TAMS 0x00000000aab00000, 0x00000000aab00000| Complete 
| 172|0x00000000aac00000, 0x00000000aad00000, 0x00000000aad00000|100%| E|CS|TAMS 0x00000000aac00000, 0x00000000aac00000| Complete 
| 173|0x00000000aad00000, 0x00000000aae00000, 0x00000000aae00000|100%| E|CS|TAMS 0x00000000aad00000, 0x00000000aad00000| Complete 
| 174|0x00000000aae00000, 0x00000000aaf00000, 0x00000000aaf00000|100%| E|CS|TAMS 0x00000000aae00000, 0x00000000aae00000| Complete 
| 175|0x00000000aaf00000, 0x00000000ab000000, 0x00000000ab000000|100%| E|CS|TAMS 0x00000000aaf00000, 0x00000000aaf00000| Complete 
| 176|0x00000000ab000000, 0x00000000ab100000, 0x00000000ab100000|100%| E|CS|TAMS 0x00000000ab000000, 0x00000000ab000000| Complete 
| 177|0x00000000ab100000, 0x00000000ab200000, 0x00000000ab200000|100%| E|CS|TAMS 0x00000000ab100000, 0x00000000ab100000| Complete 
| 178|0x00000000ab200000, 0x00000000ab300000, 0x00000000ab300000|100%| E|  |TAMS 0x00000000ab200000, 0x00000000ab200000| Complete 
| 179|0x00000000ab300000, 0x00000000ab400000, 0x00000000ab400000|100%| E|CS|TAMS 0x00000000ab300000, 0x00000000ab300000| Complete 
| 180|0x00000000ab400000, 0x00000000ab500000, 0x00000000ab500000|100%| E|CS|TAMS 0x00000000ab400000, 0x00000000ab400000| Complete 
| 181|0x00000000ab500000, 0x00000000ab600000, 0x00000000ab600000|100%| E|CS|TAMS 0x00000000ab500000, 0x00000000ab500000| Complete 
| 182|0x00000000ab600000, 0x00000000ab700000, 0x00000000ab700000|100%| E|CS|TAMS 0x00000000ab600000, 0x00000000ab600000| Complete 
| 183|0x00000000ab700000, 0x00000000ab800000, 0x00000000ab800000|100%| E|CS|TAMS 0x00000000ab700000, 0x00000000ab700000| Complete 
| 184|0x00000000ab800000, 0x00000000ab900000, 0x00000000ab900000|100%| E|CS|TAMS 0x00000000ab800000, 0x00000000ab800000| Complete 
| 185|0x00000000ab900000, 0x00000000aba00000, 0x00000000aba00000|100%| E|CS|TAMS 0x00000000ab900000, 0x00000000ab900000| Complete 
| 186|0x00000000aba00000, 0x00000000abb00000, 0x00000000abb00000|100%| E|CS|TAMS 0x00000000aba00000, 0x00000000aba00000| Complete 
| 187|0x00000000abb00000, 0x00000000abc00000, 0x00000000abc00000|100%| E|CS|TAMS 0x00000000abb00000, 0x00000000abb00000| Complete 
| 188|0x00000000abc00000, 0x00000000abd00000, 0x00000000abd00000|100%| E|CS|TAMS 0x00000000abc00000, 0x00000000abc00000| Complete 
| 189|0x00000000abd00000, 0x00000000abe00000, 0x00000000abe00000|100%| E|CS|TAMS 0x00000000abd00000, 0x00000000abd00000| Complete 
| 190|0x00000000abe00000, 0x00000000abf00000, 0x00000000abf00000|100%| E|CS|TAMS 0x00000000abe00000, 0x00000000abe00000| Complete 
| 191|0x00000000abf00000, 0x00000000ac000000, 0x00000000ac000000|100%| E|CS|TAMS 0x00000000abf00000, 0x00000000abf00000| Complete 
| 192|0x00000000ac000000, 0x00000000ac100000, 0x00000000ac100000|100%| E|CS|TAMS 0x00000000ac000000, 0x00000000ac000000| Complete 
| 193|0x00000000ac100000, 0x00000000ac200000, 0x00000000ac200000|100%| E|CS|TAMS 0x00000000ac100000, 0x00000000ac100000| Complete 
| 194|0x00000000ac200000, 0x00000000ac300000, 0x00000000ac300000|100%| E|CS|TAMS 0x00000000ac200000, 0x00000000ac200000| Complete 
| 195|0x00000000ac300000, 0x00000000ac400000, 0x00000000ac400000|100%| E|CS|TAMS 0x00000000ac300000, 0x00000000ac300000| Complete 
| 196|0x00000000ac400000, 0x00000000ac500000, 0x00000000ac500000|100%| E|CS|TAMS 0x00000000ac400000, 0x00000000ac400000| Complete 
| 197|0x00000000ac500000, 0x00000000ac600000, 0x00000000ac600000|100%| E|CS|TAMS 0x00000000ac500000, 0x00000000ac500000| Complete 
| 198|0x00000000ac600000, 0x00000000ac700000, 0x00000000ac700000|100%| E|CS|TAMS 0x00000000ac600000, 0x00000000ac600000| Complete 
| 199|0x00000000ac700000, 0x00000000ac800000, 0x00000000ac800000|100%| E|CS|TAMS 0x00000000ac700000, 0x00000000ac700000| Complete 
| 200|0x00000000ac800000, 0x00000000ac900000, 0x00000000ac900000|100%| E|CS|TAMS 0x00000000ac800000, 0x00000000ac800000| Complete 
| 201|0x00000000ac900000, 0x00000000aca00000, 0x00000000aca00000|100%| E|CS|TAMS 0x00000000ac900000, 0x00000000ac900000| Complete 
| 202|0x00000000aca00000, 0x00000000acb00000, 0x00000000acb00000|100%| E|CS|TAMS 0x00000000aca00000, 0x00000000aca00000| Complete 
| 203|0x00000000acb00000, 0x00000000acc00000, 0x00000000acc00000|100%| E|CS|TAMS 0x00000000acb00000, 0x00000000acb00000| Complete 
| 204|0x00000000acc00000, 0x00000000acd00000, 0x00000000acd00000|100%| E|CS|TAMS 0x00000000acc00000, 0x00000000acc00000| Complete 
| 205|0x00000000acd00000, 0x00000000ace00000, 0x00000000ace00000|100%| E|CS|TAMS 0x00000000acd00000, 0x00000000acd00000| Complete 
| 206|0x00000000ace00000, 0x00000000acf00000, 0x00000000acf00000|100%| E|CS|TAMS 0x00000000ace00000, 0x00000000ace00000| Complete 
| 207|0x00000000acf00000, 0x00000000ad000000, 0x00000000ad000000|100%| E|CS|TAMS 0x00000000acf00000, 0x00000000acf00000| Complete 
| 208|0x00000000ad000000, 0x00000000ad100000, 0x00000000ad100000|100%| E|CS|TAMS 0x00000000ad000000, 0x00000000ad000000| Complete 
| 209|0x00000000ad100000, 0x00000000ad200000, 0x00000000ad200000|100%| E|CS|TAMS 0x00000000ad100000, 0x00000000ad100000| Complete 
| 210|0x00000000ad200000, 0x00000000ad300000, 0x00000000ad300000|100%| E|CS|TAMS 0x00000000ad200000, 0x00000000ad200000| Complete 
| 211|0x00000000ad300000, 0x00000000ad400000, 0x00000000ad400000|100%| E|CS|TAMS 0x00000000ad300000, 0x00000000ad300000| Complete 
| 212|0x00000000ad400000, 0x00000000ad500000, 0x00000000ad500000|100%| E|CS|TAMS 0x00000000ad400000, 0x00000000ad400000| Complete 
| 213|0x00000000ad500000, 0x00000000ad600000, 0x00000000ad600000|100%| E|CS|TAMS 0x00000000ad500000, 0x00000000ad500000| Complete 
| 214|0x00000000ad600000, 0x00000000ad700000, 0x00000000ad700000|100%| E|CS|TAMS 0x00000000ad600000, 0x00000000ad600000| Complete 
| 215|0x00000000ad700000, 0x00000000ad800000, 0x00000000ad800000|100%| E|CS|TAMS 0x00000000ad700000, 0x00000000ad700000| Complete 
| 216|0x00000000ad800000, 0x00000000ad900000, 0x00000000ad900000|100%| E|CS|TAMS 0x00000000ad800000, 0x00000000ad800000| Complete 
| 217|0x00000000ad900000, 0x00000000ada00000, 0x00000000ada00000|100%| E|CS|TAMS 0x00000000ad900000, 0x00000000ad900000| Complete 
| 218|0x00000000ada00000, 0x00000000adb00000, 0x00000000adb00000|100%| E|CS|TAMS 0x00000000ada00000, 0x00000000ada00000| Complete 
| 219|0x00000000adb00000, 0x00000000adc00000, 0x00000000adc00000|100%| E|CS|TAMS 0x00000000adb00000, 0x00000000adb00000| Complete 
| 220|0x00000000adc00000, 0x00000000add00000, 0x00000000add00000|100%| E|CS|TAMS 0x00000000adc00000, 0x00000000adc00000| Complete 
| 221|0x00000000add00000, 0x00000000ade00000, 0x00000000ade00000|100%| E|CS|TAMS 0x00000000add00000, 0x00000000add00000| Complete 
| 222|0x00000000ade00000, 0x00000000adf00000, 0x00000000adf00000|100%| E|CS|TAMS 0x00000000ade00000, 0x00000000ade00000| Complete 
| 223|0x00000000adf00000, 0x00000000ae000000, 0x00000000ae000000|100%| E|CS|TAMS 0x00000000adf00000, 0x00000000adf00000| Complete 
| 224|0x00000000ae000000, 0x00000000ae100000, 0x00000000ae100000|100%| E|CS|TAMS 0x00000000ae000000, 0x00000000ae000000| Complete 
| 225|0x00000000ae100000, 0x00000000ae200000, 0x00000000ae200000|100%| E|CS|TAMS 0x00000000ae100000, 0x00000000ae100000| Complete 
| 226|0x00000000ae200000, 0x00000000ae300000, 0x00000000ae300000|100%| E|CS|TAMS 0x00000000ae200000, 0x00000000ae200000| Complete 
| 227|0x00000000ae300000, 0x00000000ae400000, 0x00000000ae400000|100%| E|CS|TAMS 0x00000000ae300000, 0x00000000ae300000| Complete 
| 228|0x00000000ae400000, 0x00000000ae500000, 0x00000000ae500000|100%| E|CS|TAMS 0x00000000ae400000, 0x00000000ae400000| Complete 
| 229|0x00000000ae500000, 0x00000000ae600000, 0x00000000ae600000|100%| E|CS|TAMS 0x00000000ae500000, 0x00000000ae500000| Complete 
| 230|0x00000000ae600000, 0x00000000ae700000, 0x00000000ae700000|100%| E|CS|TAMS 0x00000000ae600000, 0x00000000ae600000| Complete 
| 231|0x00000000ae700000, 0x00000000ae800000, 0x00000000ae800000|100%| E|CS|TAMS 0x00000000ae700000, 0x00000000ae700000| Complete 
| 232|0x00000000ae800000, 0x00000000ae900000, 0x00000000ae900000|100%| E|CS|TAMS 0x00000000ae800000, 0x00000000ae800000| Complete 
| 233|0x00000000ae900000, 0x00000000aea00000, 0x00000000aea00000|100%| E|CS|TAMS 0x00000000ae900000, 0x00000000ae900000| Complete 
| 234|0x00000000aea00000, 0x00000000aeb00000, 0x00000000aeb00000|100%| E|CS|TAMS 0x00000000aea00000, 0x00000000aea00000| Complete 
| 235|0x00000000aeb00000, 0x00000000aec00000, 0x00000000aec00000|100%| E|CS|TAMS 0x00000000aeb00000, 0x00000000aeb00000| Complete 
| 236|0x00000000aec00000, 0x00000000aed00000, 0x00000000aed00000|100%| E|CS|TAMS 0x00000000aec00000, 0x00000000aec00000| Complete 
| 237|0x00000000aed00000, 0x00000000aee00000, 0x00000000aee00000|100%| E|CS|TAMS 0x00000000aed00000, 0x00000000aed00000| Complete 
| 238|0x00000000aee00000, 0x00000000aef00000, 0x00000000aef00000|100%| E|CS|TAMS 0x00000000aee00000, 0x00000000aee00000| Complete 
| 239|0x00000000aef00000, 0x00000000af000000, 0x00000000af000000|100%| E|CS|TAMS 0x00000000aef00000, 0x00000000aef00000| Complete 
| 240|0x00000000af000000, 0x00000000af100000, 0x00000000af100000|100%| E|CS|TAMS 0x00000000af000000, 0x00000000af000000| Complete 
| 241|0x00000000af100000, 0x00000000af200000, 0x00000000af200000|100%| E|CS|TAMS 0x00000000af100000, 0x00000000af100000| Complete 
| 242|0x00000000af200000, 0x00000000af300000, 0x00000000af300000|100%| E|CS|TAMS 0x00000000af200000, 0x00000000af200000| Complete 
| 243|0x00000000af300000, 0x00000000af400000, 0x00000000af400000|100%| E|CS|TAMS 0x00000000af300000, 0x00000000af300000| Complete 
| 244|0x00000000af400000, 0x00000000af500000, 0x00000000af500000|100%| E|CS|TAMS 0x00000000af400000, 0x00000000af400000| Complete 
| 245|0x00000000af500000, 0x00000000af600000, 0x00000000af600000|100%| E|CS|TAMS 0x00000000af500000, 0x00000000af500000| Complete 
| 246|0x00000000af600000, 0x00000000af700000, 0x00000000af700000|100%| E|CS|TAMS 0x00000000af600000, 0x00000000af600000| Complete 
| 247|0x00000000af700000, 0x00000000af800000, 0x00000000af800000|100%| E|CS|TAMS 0x00000000af700000, 0x00000000af700000| Complete 
| 248|0x00000000af800000, 0x00000000af900000, 0x00000000af900000|100%| E|CS|TAMS 0x00000000af800000, 0x00000000af800000| Complete 
| 249|0x00000000af900000, 0x00000000afa00000, 0x00000000afa00000|100%| E|CS|TAMS 0x00000000af900000, 0x00000000af900000| Complete 
| 250|0x00000000afa00000, 0x00000000afb00000, 0x00000000afb00000|100%| E|CS|TAMS 0x00000000afa00000, 0x00000000afa00000| Complete 
| 251|0x00000000afb00000, 0x00000000afc00000, 0x00000000afc00000|100%| E|CS|TAMS 0x00000000afb00000, 0x00000000afb00000| Complete 
| 252|0x00000000afc00000, 0x00000000afd00000, 0x00000000afd00000|100%| E|CS|TAMS 0x00000000afc00000, 0x00000000afc00000| Complete 
| 253|0x00000000afd00000, 0x00000000afe00000, 0x00000000afe00000|100%| E|CS|TAMS 0x00000000afd00000, 0x00000000afd00000| Complete 
| 254|0x00000000afe00000, 0x00000000aff00000, 0x00000000aff00000|100%| E|CS|TAMS 0x00000000afe00000, 0x00000000afe00000| Complete 
| 255|0x00000000aff00000, 0x00000000b0000000, 0x00000000b0000000|100%| E|CS|TAMS 0x00000000aff00000, 0x00000000aff00000| Complete 
| 256|0x00000000b0000000, 0x00000000b0100000, 0x00000000b0100000|100%| E|CS|TAMS 0x00000000b0000000, 0x00000000b0000000| Complete 
| 257|0x00000000b0100000, 0x00000000b0200000, 0x00000000b0200000|100%| E|CS|TAMS 0x00000000b0100000, 0x00000000b0100000| Complete 
| 258|0x00000000b0200000, 0x00000000b0300000, 0x00000000b0300000|100%| E|CS|TAMS 0x00000000b0200000, 0x00000000b0200000| Complete 
| 259|0x00000000b0300000, 0x00000000b0400000, 0x00000000b0400000|100%| E|CS|TAMS 0x00000000b0300000, 0x00000000b0300000| Complete 
| 260|0x00000000b0400000, 0x00000000b0500000, 0x00000000b0500000|100%| E|CS|TAMS 0x00000000b0400000, 0x00000000b0400000| Complete 
| 261|0x00000000b0500000, 0x00000000b0600000, 0x00000000b0600000|100%| E|CS|TAMS 0x00000000b0500000, 0x00000000b0500000| Complete 
| 262|0x00000000b0600000, 0x00000000b0700000, 0x00000000b0700000|100%| E|CS|TAMS 0x00000000b0600000, 0x00000000b0600000| Complete 
| 263|0x00000000b0700000, 0x00000000b0800000, 0x00000000b0800000|100%| E|CS|TAMS 0x00000000b0700000, 0x00000000b0700000| Complete 

Card table byte_map: [0x000001849e9f0000,0x000001849ecf0000] _byte_map_base: 0x000001849e4f0000

Marking Bits (Prev, Next): (CMBitMap*) 0x000001848ba75e90, (CMBitMap*) 0x000001848ba75e58
 Prev Bits: [0x00000184a07f0000, 0x00000184a1ff0000)
 Next Bits: [0x000001849eff0000, 0x00000184a07f0000)

Polling page: 0x00000184899d0000

Metaspace:

Usage:
  Non-class:    134.76 MB capacity,   131.92 MB ( 98%) used,     2.44 MB (  2%) free+waste,   413.94 KB ( <1%) overhead. 
      Class:     18.99 MB capacity,    17.61 MB ( 93%) used,     1.21 MB (  6%) free+waste,   179.25 KB ( <1%) overhead. 
       Both:    153.75 MB capacity,   149.53 MB ( 97%) used,     3.64 MB (  2%) free+waste,   593.19 KB ( <1%) overhead. 

Virtual space:
  Non-class space:      136.00 MB reserved,     135.00 MB (>99%) committed 
      Class space:        1.00 GB reserved,      19.00 MB (  2%) committed 
             Both:        1.13 GB reserved,     154.00 MB ( 13%) committed 

Chunk freelists:
   Non-Class:  52.00 KB
       Class:  7.00 KB
        Both:  59.00 KB

MaxMetaspaceSize: 17179869184.00 GB
CompressedClassSpaceSize: 1.00 GB

CodeHeap 'non-profiled nmethods': size=120000Kb used=25272Kb max_used=25272Kb free=94728Kb
 bounds [0x0000018496e90000, 0x0000018498750000, 0x000001849e3c0000]
CodeHeap 'profiled nmethods': size=120000Kb used=51552Kb max_used=51552Kb free=68448Kb
 bounds [0x000001848f960000, 0x0000018492c20000, 0x0000018496e90000]
CodeHeap 'non-nmethods': size=5760Kb used=2384Kb max_used=2469Kb free=3375Kb
 bounds [0x000001848f3c0000, 0x000001848f640000, 0x000001848f960000]
 total_blobs=25275 nmethods=24267 adapters=916
 compilation: enabled
              stopped_count=0, restarted_count=0
 full_count=0

Compilation events (20 events):
Event: 1071.027 Thread 0x00000184a52fc800 32118       3       com.google.common.base.CharMatcher$JavaLetter::matches (5 bytes)
Event: 1071.028 Thread 0x00000184a52fc800 nmethod 32118 0x0000018492c12790 code [0x0000018492c12980, 0x0000018492c12cf8]
Event: 1071.040 Thread 0x00000184ae6e1800 nmethod 32109 0x000001849873ce90 code [0x000001849873d040, 0x000001849873db38]
Event: 1071.040 Thread 0x00000184ae6e1800 32095       4       com.sun.org.apache.xerces.internal.dom.NamedNodeMapImpl::findNamePoint (131 bytes)
Event: 1071.057 Thread 0x00000184a52fc800 32120       1       com.android.ide.common.resources.configuration.LocaleQualifier::since (2 bytes)
Event: 1071.058 Thread 0x00000184a52fc800 nmethod 32120 0x000001849873de10 code [0x000001849873dfc0, 0x000001849873e078]
Event: 1071.060 Thread 0x00000184a52f9000 nmethod 32108 0x000001849873e110 code [0x000001849873e320, 0x000001849873f7a8]
Event: 1071.060 Thread 0x00000184a52f9000 32119       4       com.sun.org.apache.xerces.internal.dom.NodeImpl::getOwnerDocument (23 bytes)
Event: 1071.060 Thread 0x00000184a52fc800 32121       1       com.android.ide.common.resources.configuration.LocaleQualifier::getFolderSegment (5 bytes)
Event: 1071.060 Thread 0x00000184a52fc800 nmethod 32121 0x0000018498740110 code [0x00000184987402c0, 0x0000018498740378]
Event: 1071.062 Thread 0x00000184a52f9000 nmethod 32119 0x0000018498740410 code [0x00000184987405a0, 0x0000018498740698]
Event: 1071.062 Thread 0x00000184a52f9000 32112       4       java.lang.StringCoding::isMalformed3 (45 bytes)
Event: 1071.064 Thread 0x00000184a52fc800 32123       3       com.android.ide.common.resources.DataFile::addItems (50 bytes)
Event: 1071.082 Thread 0x00000184a52f9000 nmethod 32112 0x0000018498740790 code [0x0000018498740920, 0x00000184987409d8]
Event: 1071.082 Thread 0x00000184a52fc800 nmethod 32123 0x0000018492c12e90 code [0x0000018492c130a0, 0x0000018492c13808]
Event: 1071.083 Thread 0x00000184a52f9000 32082       4       com.sun.org.apache.xerces.internal.dom.CoreDocumentImpl::checkNamespaceWF (50 bytes)
Event: 1071.085 Thread 0x00000184a52f9000 nmethod 32082 0x0000018498740a90 code [0x0000018498740c20, 0x0000018498740d18]
Event: 1071.085 Thread 0x00000184a52f9000 32122       4       com.sun.org.apache.xerces.internal.dom.NamedNodeMapImpl::getNamedItemNS (29 bytes)
Event: 1071.095 Thread 0x00000184ae6e1800 nmethod 32095 0x0000018498740e90 code [0x0000018498741080, 0x0000018498741f28]
Event: 1071.096 Thread 0x00000184ae6e1800 32124       4       com.android.utils.PositionXmlParser$DomBuilder::findOpeningTag (131 bytes)

GC Heap History (20 events):
Event: 999.877 GC heap before
{Heap before GC invocations=84 (full 0):
 garbage-first heap   total 270336K, used 214021K [0x00000000a0000000, 0x0000000100000000)
  region size 1024K, 106 young (108544K), 1 survivors (1024K)
 Metaspace       used 131492K, capacity 135080K, committed 135168K, reserved 1167360K
  class space    used 15385K, capacity 16563K, committed 16640K, reserved 1048576K
}
Event: 999.879 GC heap after
{Heap after GC invocations=85 (full 0):
 garbage-first heap   total 270336K, used 109147K [0x00000000a0000000, 0x0000000100000000)
  region size 1024K, 3 young (3072K), 3 survivors (3072K)
 Metaspace       used 131492K, capacity 135080K, committed 135168K, reserved 1167360K
  class space    used 15385K, capacity 16563K, committed 16640K, reserved 1048576K
}
Event: 1005.161 GC heap before
{Heap before GC invocations=85 (full 0):
 garbage-first heap   total 270336K, used 216667K [0x00000000a0000000, 0x0000000100000000)
  region size 1024K, 109 young (111616K), 3 survivors (3072K)
 Metaspace       used 136897K, capacity 140874K, committed 141056K, reserved 1173504K
  class space    used 16023K, capacity 17323K, committed 17408K, reserved 1048576K
}
Event: 1005.174 GC heap after
{Heap after GC invocations=86 (full 0):
 garbage-first heap   total 270336K, used 112926K [0x00000000a0000000, 0x0000000100000000)
  region size 1024K, 7 young (7168K), 7 survivors (7168K)
 Metaspace       used 136897K, capacity 140874K, committed 141056K, reserved 1173504K
  class space    used 16023K, capacity 17323K, committed 17408K, reserved 1048576K
}
Event: 1007.130 GC heap before
{Heap before GC invocations=87 (full 0):
 garbage-first heap   total 270336K, used 220446K [0x00000000a0000000, 0x0000000100000000)
  region size 1024K, 112 young (114688K), 7 survivors (7168K)
 Metaspace       used 146050K, capacity 150400K, committed 150528K, reserved 1181696K
  class space    used 17391K, capacity 18848K, committed 18944K, reserved 1048576K
}
Event: 1007.140 GC heap after
{Heap after GC invocations=88 (full 0):
 garbage-first heap   total 270336K, used 117548K [0x00000000a0000000, 0x0000000100000000)
  region size 1024K, 12 young (12288K), 12 survivors (12288K)
 Metaspace       used 146050K, capacity 150400K, committed 150528K, reserved 1181696K
  class space    used 17391K, capacity 18848K, committed 18944K, reserved 1048576K
}
Event: 1007.167 GC heap before
{Heap before GC invocations=88 (full 0):
 garbage-first heap   total 270336K, used 118572K [0x00000000a0000000, 0x0000000100000000)
  region size 1024K, 13 young (13312K), 12 survivors (12288K)
 Metaspace       used 146224K, capacity 150528K, committed 150784K, reserved 1181696K
  class space    used 17412K, capacity 18848K, committed 18944K, reserved 1048576K
}
Event: 1007.183 GC heap after
{Heap after GC invocations=89 (full 0):
 garbage-first heap   total 270336K, used 111693K [0x00000000a0000000, 0x0000000100000000)
  region size 1024K, 2 young (2048K), 2 survivors (2048K)
 Metaspace       used 146224K, capacity 150528K, committed 150784K, reserved 1181696K
  class space    used 17412K, capacity 18848K, committed 18944K, reserved 1048576K
}
Event: 1030.129 GC heap before
{Heap before GC invocations=89 (full 0):
 garbage-first heap   total 270336K, used 219213K [0x00000000a0000000, 0x0000000100000000)
  region size 1024K, 108 young (110592K), 2 survivors (2048K)
 Metaspace       used 147946K, capacity 152349K, committed 152448K, reserved 1183744K
  class space    used 17622K, capacity 19063K, committed 19072K, reserved 1048576K
}
Event: 1030.135 GC heap after
{Heap after GC invocations=90 (full 0):
 garbage-first heap   total 270336K, used 114289K [0x00000000a0000000, 0x0000000100000000)
  region size 1024K, 5 young (5120K), 5 survivors (5120K)
 Metaspace       used 147946K, capacity 152349K, committed 152448K, reserved 1183744K
  class space    used 17622K, capacity 19063K, committed 19072K, reserved 1048576K
}
Event: 1042.472 GC heap before
{Heap before GC invocations=91 (full 0):
 garbage-first heap   total 270336K, used 221809K [0x00000000a0000000, 0x0000000100000000)
  region size 1024K, 111 young (113664K), 5 survivors (5120K)
 Metaspace       used 148308K, capacity 152473K, committed 152704K, reserved 1183744K
  class space    used 17639K, capacity 18997K, committed 19072K, reserved 1048576K
}
Event: 1042.477 GC heap after
{Heap after GC invocations=92 (full 0):
 garbage-first heap   total 270336K, used 117314K [0x00000000a0000000, 0x0000000100000000)
  region size 1024K, 7 young (7168K), 7 survivors (7168K)
 Metaspace       used 148308K, capacity 152473K, committed 152704K, reserved 1183744K
  class space    used 17639K, capacity 18997K, committed 19072K, reserved 1048576K
}
Event: 1044.424 GC heap before
{Heap before GC invocations=92 (full 0):
 garbage-first heap   total 270336K, used 123458K [0x00000000a0000000, 0x0000000100000000)
  region size 1024K, 13 young (13312K), 7 survivors (7168K)
 Metaspace       used 148484K, capacity 152750K, committed 152960K, reserved 1183744K
  class space    used 17677K, capacity 19066K, committed 19072K, reserved 1048576K
}
Event: 1044.428 GC heap after
{Heap after GC invocations=93 (full 0):
 garbage-first heap   total 270336K, used 117112K [0x00000000a0000000, 0x0000000100000000)
  region size 1024K, 2 young (2048K), 2 survivors (2048K)
 Metaspace       used 148484K, capacity 152750K, committed 152960K, reserved 1183744K
  class space    used 17677K, capacity 19066K, committed 19072K, reserved 1048576K
}
Event: 1044.606 GC heap before
{Heap before GC invocations=93 (full 0):
 garbage-first heap   total 270336K, used 120184K [0x00000000a0000000, 0x0000000100000000)
  region size 1024K, 6 young (6144K), 2 survivors (2048K)
 Metaspace       used 148574K, capacity 152814K, committed 152960K, reserved 1183744K
  class space    used 17683K, capacity 19066K, committed 19072K, reserved 1048576K
}
Event: 1044.608 GC heap after
{Heap after GC invocations=94 (full 0):
 garbage-first heap   total 270336K, used 116496K [0x00000000a0000000, 0x0000000100000000)
  region size 1024K, 1 young (1024K), 1 survivors (1024K)
 Metaspace       used 148574K, capacity 152814K, committed 152960K, reserved 1183744K
  class space    used 17683K, capacity 19066K, committed 19072K, reserved 1048576K
}
Event: 1045.099 GC heap before
{Heap before GC invocations=95 (full 0):
 garbage-first heap   total 270336K, used 227088K [0x00000000a0000000, 0x0000000100000000)
  region size 1024K, 107 young (109568K), 1 survivors (1024K)
 Metaspace       used 149081K, capacity 153358K, committed 153600K, reserved 1183744K
  class space    used 17709K, capacity 19098K, committed 19200K, reserved 1048576K
}
Event: 1045.102 GC heap after
{Heap after GC invocations=96 (full 0):
 garbage-first heap   total 270336K, used 121753K [0x00000000a0000000, 0x0000000100000000)
  region size 1024K, 4 young (4096K), 4 survivors (4096K)
 Metaspace       used 149081K, capacity 153358K, committed 153600K, reserved 1183744K
  class space    used 17709K, capacity 19098K, committed 19200K, reserved 1048576K
}
Event: 1045.435 GC heap before
{Heap before GC invocations=96 (full 0):
 garbage-first heap   total 270336K, used 227225K [0x00000000a0000000, 0x0000000100000000)
  region size 1024K, 107 young (109568K), 4 survivors (4096K)
 Metaspace       used 149261K, capacity 153531K, committed 153600K, reserved 1183744K
  class space    used 17739K, capacity 19133K, committed 19200K, reserved 1048576K
}
Event: 1045.438 GC heap after
{Heap after GC invocations=97 (full 0):
 garbage-first heap   total 270336K, used 117239K [0x00000000a0000000, 0x0000000100000000)
  region size 1024K, 2 young (2048K), 2 survivors (2048K)
 Metaspace       used 149261K, capacity 153531K, committed 153600K, reserved 1183744K
  class space    used 17739K, capacity 19133K, committed 19200K, reserved 1048576K
}

Deoptimization events (20 events):
Event: 1071.071 Thread 0x00000184ae6e0000 Uncommon trap: trap_request=0xffffffbe fr.pc=0x000001849873d950 relative=0x0000000000000910
Event: 1071.082 Thread 0x00000184ae6e0000 Uncommon trap: reason=profile_predicate action=maybe_recompile pc=0x000001849873d950 method=com.android.utils.PositionXmlParser$DomBuilder.findOpeningTag(Lcom/android/utils/PositionXmlParser$Position;)Lcom/android/utils/PositionXmlParser$Position; @ 8 c2
Event: 1071.082 Thread 0x00000184ae6e0000 DEOPT PACKING pc=0x000001849873d950 sp=0x00000018175fb7a0
Event: 1071.082 Thread 0x00000184ae6e0000 DEOPT UNPACKING pc=0x000001848f3c822f sp=0x00000018175fb718 mode 2
Event: 1071.082 Thread 0x00000184ae6e0000 Uncommon trap: trap_request=0xffffffbe fr.pc=0x000001849873d950 relative=0x0000000000000910
Event: 1071.082 Thread 0x00000184ae6e0000 Uncommon trap: reason=profile_predicate action=maybe_recompile pc=0x000001849873d950 method=com.android.utils.PositionXmlParser$DomBuilder.findOpeningTag(Lcom/android/utils/PositionXmlParser$Position;)Lcom/android/utils/PositionXmlParser$Position; @ 8 c2
Event: 1071.082 Thread 0x00000184ae6e0000 DEOPT PACKING pc=0x000001849873d950 sp=0x00000018175fb7a0
Event: 1071.082 Thread 0x00000184ae6e0000 DEOPT UNPACKING pc=0x000001848f3c822f sp=0x00000018175fb718 mode 2
Event: 1071.085 Thread 0x00000184ae6e0000 Uncommon trap: trap_request=0xffffffbe fr.pc=0x000001849873d950 relative=0x0000000000000910
Event: 1071.085 Thread 0x00000184ae6e0000 Uncommon trap: reason=profile_predicate action=maybe_recompile pc=0x000001849873d950 method=com.android.utils.PositionXmlParser$DomBuilder.findOpeningTag(Lcom/android/utils/PositionXmlParser$Position;)Lcom/android/utils/PositionXmlParser$Position; @ 8 c2
Event: 1071.085 Thread 0x00000184ae6e0000 DEOPT PACKING pc=0x000001849873d950 sp=0x00000018175fb7a0
Event: 1071.085 Thread 0x00000184ae6e0000 DEOPT UNPACKING pc=0x000001848f3c822f sp=0x00000018175fb718 mode 2
Event: 1071.085 Thread 0x00000184ae6e0000 Uncommon trap: trap_request=0xffffffbe fr.pc=0x000001849873d950 relative=0x0000000000000910
Event: 1071.085 Thread 0x00000184ae6e0000 Uncommon trap: reason=profile_predicate action=maybe_recompile pc=0x000001849873d950 method=com.android.utils.PositionXmlParser$DomBuilder.findOpeningTag(Lcom/android/utils/PositionXmlParser$Position;)Lcom/android/utils/PositionXmlParser$Position; @ 8 c2
Event: 1071.085 Thread 0x00000184ae6e0000 DEOPT PACKING pc=0x000001849873d950 sp=0x00000018175fb7a0
Event: 1071.085 Thread 0x00000184ae6e0000 DEOPT UNPACKING pc=0x000001848f3c822f sp=0x00000018175fb718 mode 2
Event: 1071.085 Thread 0x00000184ae6e0000 Uncommon trap: trap_request=0xffffffbe fr.pc=0x000001849873a5e4 relative=0x0000000000000724
Event: 1071.085 Thread 0x00000184ae6e0000 Uncommon trap: reason=profile_predicate action=maybe_recompile pc=0x000001849873a5e4 method=com.android.utils.PositionXmlParser$DomBuilder.findOpeningTag(Lcom/android/utils/PositionXmlParser$Position;)Lcom/android/utils/PositionXmlParser$Position; @ 81 c2
Event: 1071.086 Thread 0x00000184ae6e0000 DEOPT PACKING pc=0x000001849873a5e4 sp=0x00000018175fb710
Event: 1071.086 Thread 0x00000184ae6e0000 DEOPT UNPACKING pc=0x000001848f3c822f sp=0x00000018175fb6b8 mode 2

Classes redefined (0 events):
No events

Internal exceptions (20 events):
Event: 1066.810 Thread 0x00000184a7fc0800 Exception <a 'sun/nio/fs/WindowsException'{0x00000000af296228}> (0x00000000af296228) thrown at [./src/hotspot/share/prims/jni.cpp, line 615]
Event: 1066.811 Thread 0x00000184a7fc0800 Exception <a 'sun/nio/fs/WindowsException'{0x00000000af2980a8}> (0x00000000af2980a8) thrown at [./src/hotspot/share/prims/jni.cpp, line 615]
Event: 1066.811 Thread 0x00000184a7fc0800 Exception <a 'sun/nio/fs/WindowsException'{0x00000000af2981c0}> (0x00000000af2981c0) thrown at [./src/hotspot/share/prims/jni.cpp, line 615]
Event: 1066.812 Thread 0x00000184a7fc0800 Exception <a 'sun/nio/fs/WindowsException'{0x00000000af29b940}> (0x00000000af29b940) thrown at [./src/hotspot/share/prims/jni.cpp, line 615]
Event: 1066.812 Thread 0x00000184a7fc0800 Exception <a 'sun/nio/fs/WindowsException'{0x00000000af29ba58}> (0x00000000af29ba58) thrown at [./src/hotspot/share/prims/jni.cpp, line 615]
Event: 1066.812 Thread 0x00000184a7fc0800 Exception <a 'sun/nio/fs/WindowsException'{0x00000000af29d8e8}> (0x00000000af29d8e8) thrown at [./src/hotspot/share/prims/jni.cpp, line 615]
Event: 1066.812 Thread 0x00000184a7fc0800 Exception <a 'sun/nio/fs/WindowsException'{0x00000000af29da08}> (0x00000000af29da08) thrown at [./src/hotspot/share/prims/jni.cpp, line 615]
Event: 1066.813 Thread 0x00000184a7fc0800 Exception <a 'sun/nio/fs/WindowsException'{0x00000000af2a0240}> (0x00000000af2a0240) thrown at [./src/hotspot/share/prims/jni.cpp, line 615]
Event: 1066.813 Thread 0x00000184a7fc0800 Exception <a 'sun/nio/fs/WindowsException'{0x00000000af2a0370}> (0x00000000af2a0370) thrown at [./src/hotspot/share/prims/jni.cpp, line 615]
Event: 1066.813 Thread 0x00000184a7fc0800 Exception <a 'sun/nio/fs/WindowsException'{0x00000000af2a2260}> (0x00000000af2a2260) thrown at [./src/hotspot/share/prims/jni.cpp, line 615]
Event: 1066.813 Thread 0x00000184a7fc0800 Exception <a 'sun/nio/fs/WindowsException'{0x00000000af2a2398}> (0x00000000af2a2398) thrown at [./src/hotspot/share/prims/jni.cpp, line 615]
Event: 1066.814 Thread 0x00000184a7fc0800 Exception <a 'sun/nio/fs/WindowsException'{0x00000000af2a4cd0}> (0x00000000af2a4cd0) thrown at [./src/hotspot/share/prims/jni.cpp, line 615]
Event: 1066.814 Thread 0x00000184a7fc0800 Exception <a 'sun/nio/fs/WindowsException'{0x00000000af2a4e18}> (0x00000000af2a4e18) thrown at [./src/hotspot/share/prims/jni.cpp, line 615]
Event: 1066.814 Thread 0x00000184a7fc0800 Exception <a 'sun/nio/fs/WindowsException'{0x00000000af2a6d50}> (0x00000000af2a6d50) thrown at [./src/hotspot/share/prims/jni.cpp, line 615]
Event: 1066.814 Thread 0x00000184a7fc0800 Exception <a 'sun/nio/fs/WindowsException'{0x00000000af2a6ea0}> (0x00000000af2a6ea0) thrown at [./src/hotspot/share/prims/jni.cpp, line 615]
Event: 1068.150 Thread 0x00000184ae6e0000 Exception <a 'sun/nio/fs/WindowsException'{0x00000000ace2f9f8}> (0x00000000ace2f9f8) thrown at [./src/hotspot/share/prims/jni.cpp, line 615]
Event: 1068.174 Thread 0x00000184ae6e0000 Exception <a 'sun/nio/fs/WindowsException'{0x00000000ace3f4b0}> (0x00000000ace3f4b0) thrown at [./src/hotspot/share/prims/jni.cpp, line 615]
Event: 1069.030 Thread 0x00000184ae6e0000 Exception <a 'sun/nio/fs/WindowsException'{0x00000000acb5f8b8}> (0x00000000acb5f8b8) thrown at [./src/hotspot/share/prims/jni.cpp, line 615]
Event: 1069.116 Thread 0x00000184ae6e0000 Exception <a 'sun/nio/fs/WindowsException'{0x00000000acb650c8}> (0x00000000acb650c8) thrown at [./src/hotspot/share/prims/jni.cpp, line 615]
Event: 1069.301 Thread 0x00000184ae6e0000 Exception <a 'sun/nio/fs/WindowsException'{0x00000000acb6a8b0}> (0x00000000acb6a8b0) thrown at [./src/hotspot/share/prims/jni.cpp, line 615]

Events (20 events):
Event: 1070.669 loading class com/google/common/collect/Maps$ViewCachingAbstractMap
Event: 1070.669 loading class com/google/common/collect/Maps$ViewCachingAbstractMap done
Event: 1070.671 loading class com/google/common/collect/Multimaps$AsMap$EntrySet
Event: 1070.671 loading class com/google/common/collect/Multimaps$AsMap$EntrySet done
Event: 1070.673 loading class com/google/common/collect/LinkedListMultimap$1KeySetImpl
Event: 1070.673 loading class com/google/common/collect/LinkedListMultimap$1KeySetImpl done
Event: 1070.674 loading class com/google/common/collect/Multimaps$AsMap$EntrySet$1
Event: 1070.674 loading class com/google/common/collect/Multimaps$AsMap$EntrySet$1 done
Event: 1070.674 loading class com/google/common/collect/Maps$3
Event: 1070.674 loading class com/google/common/collect/Maps$3 done
Event: 1070.675 loading class com/google/common/collect/TransformedIterator
Event: 1070.675 loading class com/google/common/collect/TransformedIterator done
Event: 1070.675 loading class com/google/common/collect/LinkedListMultimap$DistinctKeyIterator
Event: 1070.675 loading class com/google/common/collect/LinkedListMultimap$DistinctKeyIterator done
Event: 1070.676 loading class com/google/common/collect/LinkedListMultimap$1
Event: 1070.676 loading class com/google/common/collect/LinkedListMultimap$1 done
Event: 1070.677 loading class com/google/common/collect/LinkedListMultimap$ValueForKeyIterator
Event: 1070.677 loading class com/google/common/collect/LinkedListMultimap$ValueForKeyIterator done
Event: 1070.866 Thread 0x00000184ae6df000 Thread added: 0x00000184ae6df000
Event: 1070.979 Thread 0x00000184ae6e1800 Thread added: 0x00000184ae6e1800


Dynamic libraries:
0x00007ff659070000 - 0x00007ff65907a000 	C:\mydownload\android studio\jre\bin\java.exe
0x00007ffa6a6b0000 - 0x00007ffa6a8a5000 	C:\WINDOWS\SYSTEM32\ntdll.dll
0x00007ffa6a4a0000 - 0x00007ffa6a55d000 	C:\WINDOWS\System32\KERNEL32.DLL
0x00007ffa68370000 - 0x00007ffa68639000 	C:\WINDOWS\System32\KERNELBASE.dll
0x00007ffa67e80000 - 0x00007ffa67f80000 	C:\WINDOWS\System32\ucrtbase.dll
0x00007ffa45bc0000 - 0x00007ffa45bd9000 	C:\mydownload\android studio\jre\bin\jli.dll
0x00007ffa4ec40000 - 0x00007ffa4ec57000 	C:\mydownload\android studio\jre\bin\VCRUNTIME140.dll
0x00007ffa68cf0000 - 0x00007ffa68e90000 	C:\WINDOWS\System32\USER32.dll
0x00007ffa68340000 - 0x00007ffa68362000 	C:\WINDOWS\System32\win32u.dll
0x00007ffa4c7e0000 - 0x00007ffa4ca7a000 	C:\WINDOWS\WinSxS\amd64_microsoft.windows.common-controls_6595b64144ccf1df_6.0.19041.1083_none_60bbe31371f34e71\COMCTL32.dll
0x00007ffa69040000 - 0x00007ffa6906a000 	C:\WINDOWS\System32\GDI32.dll
0x00007ffa687b0000 - 0x00007ffa6884e000 	C:\WINDOWS\System32\msvcrt.dll
0x00007ffa68230000 - 0x00007ffa6833b000 	C:\WINDOWS\System32\gdi32full.dll
0x00007ffa68190000 - 0x00007ffa6822d000 	C:\WINDOWS\System32\msvcp_win.dll
0x00007ffa68850000 - 0x00007ffa68880000 	C:\WINDOWS\System32\IMM32.DLL
0x00007ffa257e0000 - 0x00007ffa2587d000 	C:\mydownload\android studio\jre\bin\msvcp140.dll
0x00007ffa02b10000 - 0x00007ffa035cc000 	C:\mydownload\android studio\jre\bin\server\jvm.dll
0x00007ffa6a1e0000 - 0x00007ffa6a28c000 	C:\WINDOWS\System32\ADVAPI32.dll
0x00007ffa6a5d0000 - 0x00007ffa6a66b000 	C:\WINDOWS\System32\sechost.dll
0x00007ffa688f0000 - 0x00007ffa68a1a000 	C:\WINDOWS\System32\RPCRT4.dll
0x00007ffa693e0000 - 0x00007ffa693e8000 	C:\WINDOWS\System32\PSAPI.DLL
0x00007ffa54180000 - 0x00007ffa541a7000 	C:\WINDOWS\SYSTEM32\WINMM.dll
0x00007ffa561d0000 - 0x00007ffa561da000 	C:\WINDOWS\SYSTEM32\VERSION.dll
0x00007ffa49c50000 - 0x00007ffa49c59000 	C:\WINDOWS\SYSTEM32\WSOCK32.dll
0x00007ffa68880000 - 0x00007ffa688eb000 	C:\WINDOWS\System32\WS2_32.dll
0x00007ffa65ea0000 - 0x00007ffa65eb2000 	C:\WINDOWS\SYSTEM32\kernel.appcore.dll
0x00007ffa61820000 - 0x00007ffa61831000 	C:\mydownload\android studio\jre\bin\verify.dll
0x00007ffa65990000 - 0x00007ffa65b74000 	C:\WINDOWS\SYSTEM32\DBGHELP.DLL
0x00007ffa54150000 - 0x00007ffa5417c000 	C:\WINDOWS\SYSTEM32\dbgcore.DLL
0x00007ffa67df0000 - 0x00007ffa67e73000 	C:\WINDOWS\System32\bcryptPrimitives.dll
0x00007ffa45aa0000 - 0x00007ffa45ac9000 	C:\mydownload\android studio\jre\bin\java.dll
0x00007ffa61810000 - 0x00007ffa6181b000 	C:\mydownload\android studio\jre\bin\jimage.dll
0x00007ffa60850000 - 0x00007ffa60868000 	C:\mydownload\android studio\jre\bin\zip.dll
0x00007ffa69560000 - 0x00007ffa69c9f000 	C:\WINDOWS\System32\SHELL32.dll
0x00007ffa65ec0000 - 0x00007ffa66651000 	C:\WINDOWS\SYSTEM32\windows.storage.dll
0x00007ffa69080000 - 0x00007ffa693d5000 	C:\WINDOWS\System32\combase.dll
0x00007ffa677f0000 - 0x00007ffa6781c000 	C:\WINDOWS\SYSTEM32\Wldp.dll
0x00007ffa694b0000 - 0x00007ffa6955e000 	C:\WINDOWS\System32\SHCORE.dll
0x00007ffa693f0000 - 0x00007ffa69445000 	C:\WINDOWS\System32\shlwapi.dll
0x00007ffa67d30000 - 0x00007ffa67d4f000 	C:\WINDOWS\SYSTEM32\profapi.dll
0x00007ffa607b0000 - 0x00007ffa607ca000 	C:\mydownload\android studio\jre\bin\net.dll
0x00007ffa62570000 - 0x00007ffa6267a000 	C:\WINDOWS\SYSTEM32\WINHTTP.dll
0x00007ffa67550000 - 0x00007ffa675ba000 	C:\WINDOWS\system32\mswsock.dll
0x00007ffa5bea0000 - 0x00007ffa5beb4000 	C:\mydownload\android studio\jre\bin\nio.dll
0x00007ffa4eba0000 - 0x00007ffa4ebbe000 	C:\Users\94285\.gradle\native\25\windows-amd64\native-platform.dll
0x00007ffa4ed90000 - 0x00007ffa4ed9a000 	C:\mydownload\android studio\jre\bin\management.dll
0x00007ffa45a90000 - 0x00007ffa45a9c000 	C:\mydownload\android studio\jre\bin\management_ext.dll
0x00007ffa67730000 - 0x00007ffa67748000 	C:\WINDOWS\SYSTEM32\CRYPTSP.dll
0x00007ffa66ec0000 - 0x00007ffa66ef4000 	C:\WINDOWS\system32\rsaenh.dll
0x00007ffa68640000 - 0x00007ffa68667000 	C:\WINDOWS\System32\bcrypt.dll
0x00007ffa67cb0000 - 0x00007ffa67cde000 	C:\WINDOWS\SYSTEM32\USERENV.dll
0x00007ffa67750000 - 0x00007ffa6775c000 	C:\WINDOWS\SYSTEM32\CRYPTBASE.dll
0x00007ffa67240000 - 0x00007ffa6727b000 	C:\WINDOWS\SYSTEM32\IPHLPAPI.DLL
0x00007ffa6a5c0000 - 0x00007ffa6a5c8000 	C:\WINDOWS\System32\NSI.dll
0x00007ffa5b5d0000 - 0x00007ffa5b5e7000 	C:\WINDOWS\SYSTEM32\dhcpcsvc6.DLL
0x00007ffa5bda0000 - 0x00007ffa5bdbd000 	C:\WINDOWS\SYSTEM32\dhcpcsvc.DLL
0x00007ffa67280000 - 0x00007ffa6734c000 	C:\WINDOWS\SYSTEM32\DNSAPI.dll
0x00007ffa4ec60000 - 0x00007ffa4ec87000 	C:\mydownload\android studio\jre\bin\sunec.dll
0x00007ffa610c0000 - 0x00007ffa610ca000 	C:\Windows\System32\rasadhlp.dll
0x00007ffa597b0000 - 0x00007ffa5982f000 	C:\WINDOWS\System32\fwpuclnt.dll
0x00007ffa65170000 - 0x00007ffa65200000 	C:\WINDOWS\system32\apphelp.dll

dbghelp: loaded successfully - version: 4.0.5 - missing functions: none
symbol engine: initialized successfully - sym options: 0x614 - pdb path: .;C:\mydownload\android studio\jre\bin;C:\WINDOWS\SYSTEM32;C:\WINDOWS\WinSxS\amd64_microsoft.windows.common-controls_6595b64144ccf1df_6.0.19041.1083_none_60bbe31371f34e71;C:\mydownload\android studio\jre\bin\server;C:\Users\94285\.gradle\native\25\windows-amd64

VM Arguments:
jvm_args: --add-opens=java.base/java.util=ALL-UNNAMED --add-opens=java.base/java.lang=ALL-UNNAMED --add-opens=java.base/java.lang.invoke=ALL-UNNAMED --add-opens=java.prefs/java.util.prefs=ALL-UNNAMED -Xmx1536m -Dfile.encoding=windows-1252 -Duser.country=CN -Duser.language=zh -Duser.variant 
java_command: org.gradle.launcher.daemon.bootstrap.GradleDaemon 5.1.1
java_class_path (initial): C:\Users\94285\.gradle\wrapper\dists\gradle-5.1.1-all\97z1ksx6lirer3kbvdnh7jtjg\gradle-5.1.1\lib\gradle-launcher-5.1.1.jar
Launcher Type: SUN_STANDARD

[Global flags]
     intx CICompilerCount                          = 4                                         {product} {ergonomic}
     uint ConcGCThreads                            = 2                                         {product} {ergonomic}
     uint G1ConcRefinementThreads                  = 8                                         {product} {ergonomic}
   size_t G1HeapRegionSize                         = 1048576                                   {product} {ergonomic}
    uintx GCDrainStackTargetSize                   = 64                                        {product} {ergonomic}
   size_t InitialHeapSize                          = 266338304                                 {product} {ergonomic}
   size_t MarkStackSize                            = 4194304                                   {product} {ergonomic}
   size_t MaxHeapSize                              = 1610612736                                {product} {command line}
   size_t MaxNewSize                               = 965738496                                 {product} {ergonomic}
   size_t MinHeapDeltaBytes                        = 1048576                                   {product} {ergonomic}
    uintx NonNMethodCodeHeapSize                   = 5836300                                {pd product} {ergonomic}
    uintx NonProfiledCodeHeapSize                  = 122910970                              {pd product} {ergonomic}
    uintx ProfiledCodeHeapSize                     = 122910970                              {pd product} {ergonomic}
    uintx ReservedCodeCacheSize                    = 251658240                              {pd product} {ergonomic}
     bool SegmentedCodeCache                       = true                                      {product} {ergonomic}
     bool UseCompressedClassPointers               = true                                 {lp64_product} {ergonomic}
     bool UseCompressedOops                        = true                                 {lp64_product} {ergonomic}
     bool UseG1GC                                  = true                                      {product} {ergonomic}
     bool UseLargePagesIndividualAllocation        = false                                  {pd product} {ergonomic}

Logging:
Log output configuration:
 #0: stdout all=warning uptime,level,tags
 #1: stderr all=off uptime,level,tags

Environment Variables:
PATH=C:\Program Files (x86)\Common Files\Oracle\Java\javapath;C:\mydownload\python3.8\Scripts\;C:\mydownload\python3.8\;C:\WINDOWS\system32;C:\WINDOWS;C:\WINDOWS\System32\Wbem;C:\WINDOWS\System32\WindowsPowerShell\v1.0\;C:\WINDOWS\System32\OpenSSH\;C:\mydownload\Git\cmd;C:\mydownload\neo4j-community-3.5.26\bin;C:\mydownload\apache-tomcat-8.5.65\bin;C:\mydownload\nodejs\;C:\mydownload\apache-maven-3.8.1\bin;C:\mydownload\jdk1.8.0_282\bin;C:\mydownload\LLVM\bin;C:\mydownload\mysql-8.0.24-winx64\bin;C:\Users\94285\AppData\Local\Android\Sdk\platform-tools;C:\mydownload\python3.8.10\Scripts\;C:\mydownload\python3.8.10\;C:\Users\94285\AppData\Local\Microsoft\WindowsApps;C:\mydownload\IntelliJ IDEA 2020.3.3\bin;;C:\mydownload\PyCharm Community Edition 2020.3.5\bin;;C:\mydownload\WebStorm 2020.3.3\bin;;C:\mydownload\Microsoft VS Code\bin;C:\Users\94285\AppData\Local\GitHubDesktop\bin;C:\Users\94285\AppData\Roaming\npm;C:\mydownload\apache-maven-3.8.1\bin;
USERNAME=milk
OS=Windows_NT
PROCESSOR_IDENTIFIER=Intel64 Family 6 Model 126 Stepping 5, GenuineIntel



---------------  S Y S T E M  ---------------

OS: Windows 10 , 64 bit Build 19041 (10.0.19041.1023)
OS uptime: 1 days 22:09 hours
HyperV virtualization detected

CPU:total 8 (initial active 8) (4 cores per cpu, 2 threads per core) family 6 model 126 stepping 5, cmov, cx8, fxsr, mmx, sse, sse2, sse3, ssse3, sse4.1, sse4.2, popcnt, avx, avx2, aes, clmul, erms, 3dnowpref, lzcnt, ht, tsc, tscinvbit, bmi1, bmi2, adx, evex, sha, fma

Memory: 4k page, system-wide physical 16151M (907M free)
TotalPageFile size 22640M (AvailPageFile size 3222M)
current process WorkingSet (physical memory assigned to process): 645M, peak: 692M
current process commit charge ("private bytes"): 683M, peak: 727M

vm_info: OpenJDK 64-Bit Server VM (11.0.8+10-b944.6842174) for windows-amd64 JRE (11.0.8+10-b944.6842174), built on Sep 19 2020 01:11:42 by "builder" with MS VC++ 14.0 (VS2015)

END.
